09.02.2016 10:14:02: Каталог пользователей C:\Users 
09.02.2016 10:14:06: mon init 
09.02.2016 10:16:30: Каталог пользователей C:\Users 
09.02.2016 10:16:34: mon init 
09.02.2016 10:16:40: Исключение: Access violation at address 0063CCA3 in module 'CWM.exe'. Read of address 00000010 EAccessViolation 1630712  Object is nil TApplication 
09.02.2016 10:16:43: Приостановлен таймер наблюдения за активностью системы из-за ошибки при получении инф. об ОЗУ 
09.02.2016 10:16:46: Приостановлен таймер наблюдения за активностью системы из-за ошибки при получении инф. о системном диске 
09.02.2016 14:04:41: Каталог пользователей C:\Users 
09.02.2016 14:04:46: mon init 
09.02.2016 14:05:03: Исключение: Access violation at address 0063CCA3 in module 'CWM.exe'. Read of address 00000010 EAccessViolation 1630712  Object is nil TApplication 
09.02.2016 14:05:37: Каталог пользователей C:\Users 
09.02.2016 14:05:41: mon init 
09.02.2016 14:13:54: Каталог пользователей C:\Users 
09.02.2016 14:13:59: mon init 
09.02.2016 14:14:01: Исключение: System Error.  Code: 1400.
Недопустимый дескриптор окна EOSError 1631616  Object is nil TFormMain 
09.02.2016 14:14:33: Каталог пользователей C:\Users 
09.02.2016 14:14:37: mon init 
09.02.2016 14:18:18: Каталог пользователей C:\Users 
09.02.2016 14:18:22: mon init 
09.02.2016 14:18:46: Каталог пользователей C:\Users 
09.02.2016 14:18:50: mon init 
09.02.2016 14:19:36: Каталог пользователей C:\Users 
09.02.2016 14:19:40: mon init 
09.02.2016 14:19:46: Исключение: System Error.  Code: 1400.
Недопустимый дескриптор окна EOSError 1631660  Object is nil TFormMain 
09.02.2016 14:19:53: Исключение: Access violation at address 0063CCA3 in module 'CWM.exe'. Read of address 00000010 EAccessViolation 1628444  Object is nil TApplication 
09.02.2016 14:20:03: Каталог пользователей C:\Users 
09.02.2016 14:20:06: mon init 
09.02.2016 14:24:58: Исключение: System Error.  Code: 1400.
Недопустимый дескриптор окна EOSError 1631660  Object is nil TFormMain 
09.02.2016 14:25:09: Исключение: Access violation at address 0063CCA3 in module 'CWM.exe'. Read of address 00000010 EAccessViolation 1628444  Object is nil TApplication 
09.02.2016 14:26:35: Каталог пользователей C:\Users 
09.02.2016 14:26:39: mon init 
09.02.2016 14:27:33: Исключение: Access violation at address 0063CCA3 in module 'CWM.exe'. Read of address 00000010 EAccessViolation 1630712  Object is nil TApplication 
09.02.2016 14:27:56: Каталог пользователей C:\Users 
09.02.2016 14:28:00: mon init 
09.02.2016 14:28:17: Каталог пользователей C:\Users 
09.02.2016 14:28:22: mon init 
09.02.2016 14:29:04: Каталог пользователей C:\Users 
09.02.2016 14:29:08: mon init 
09.02.2016 14:33:11: Каталог пользователей C:\Users 
09.02.2016 14:33:16: mon init 
09.02.2016 14:34:41: Каталог пользователей C:\Users 
09.02.2016 14:34:46: mon init 
12.02.2016 9:51:25: Каталог пользователей C:\Users 
12.02.2016 9:51:29: mon init 
12.02.2016 9:56:18: Каталог пользователей C:\Users 
12.02.2016 9:56:21: mon init 
12.02.2016 9:57:50: Каталог пользователей C:\Users 
12.02.2016 9:57:54: mon init 
12.02.2016 9:59:14: Каталог пользователей C:\Users 
12.02.2016 9:59:18: mon init 
12.02.2016 10:02:07: Каталог пользователей C:\Users 
12.02.2016 10:02:11: mon init 
12.02.2016 10:02:29: Каталог пользователей C:\Users 
12.02.2016 10:02:33: mon init 
12.02.2016 10:05:43: Каталог пользователей C:\Users 
12.02.2016 10:05:46: mon init 
12.02.2016 10:10:05: Каталог пользователей C:\Users 
12.02.2016 10:10:09: mon init 
12.02.2016 10:17:17: Каталог пользователей C:\Users 
12.02.2016 10:17:21: mon init 
12.02.2016 10:34:41: Каталог пользователей C:\Users 
12.02.2016 10:34:46: mon init 
12.02.2016 10:37:48: Каталог пользователей C:\Users 
12.02.2016 10:37:52: mon init 
12.02.2016 10:40:07: Каталог пользователей C:\Users 
12.02.2016 10:40:11: mon init 
12.02.2016 10:41:09: Каталог пользователей C:\Users 
12.02.2016 10:41:13: mon init 
12.02.2016 10:42:34: Каталог пользователей C:\Users 
12.02.2016 10:42:38: mon init 
12.02.2016 10:45:47: Каталог пользователей C:\Users 
12.02.2016 10:45:51: mon init 
12.02.2016 10:46:22: Каталог пользователей C:\Users 
12.02.2016 10:46:26: mon init 
12.02.2016 10:47:53: Каталог пользователей C:\Users 
12.02.2016 10:47:57: mon init 
12.02.2016 10:51:53: Каталог пользователей C:\Users 
12.02.2016 10:51:57: mon init 
12.02.2016 10:53:14: Каталог пользователей C:\Users 
12.02.2016 10:53:17: mon init 
12.02.2016 10:54:02: Каталог пользователей C:\Users 
12.02.2016 10:54:06: mon init 
12.02.2016 10:55:36: Каталог пользователей C:\Users 
12.02.2016 10:55:40: mon init 
12.02.2016 11:07:04: Каталог пользователей C:\Users 
12.02.2016 11:07:08: mon init 
12.02.2016 11:21:01: Каталог пользователей C:\Users 
12.02.2016 11:21:05: mon init 
12.02.2016 11:22:17: Каталог пользователей C:\Users 
12.02.2016 11:22:21: mon init 
12.02.2016 11:23:14: Исключение: Canvas does not allow drawing EInvalidOperation 1632808  Object is nil TRibbonGroup 
12.02.2016 11:23:14: Исключение: Canvas does not allow drawing EInvalidOperation 1628340  Object is nil TRibbonApplicationMenuBar 
12.02.2016 11:23:18: Приостановлен таймер наблюдения за активностью системы из-за ошибки при получении инф. о загрузке ЦП 
12.02.2016 11:23:23: Исключение: Out of system resources EOutOfResources 1620680  Object is nil TRibbonApplicationMenuBar 
12.02.2016 11:23:23: Исключение: Canvas does not allow drawing EInvalidOperation 1616256  Object is nil TRibbon 
12.02.2016 11:23:23: Исключение: Canvas does not allow drawing EInvalidOperation 1611800  Object is nil TRibbonQuickAccessToolbar 
12.02.2016 11:23:23: Исключение: Canvas does not allow drawing EInvalidOperation 1607332  Object is nil TRibbonApplicationMenuBar 
12.02.2016 11:23:24: Исключение: Canvas does not allow drawing EInvalidOperation 1599788  Object is nil TRibbonGroup 
12.02.2016 11:23:24: Исключение: Canvas does not allow drawing EInvalidOperation 1599788  Object is nil TRibbonGroup 
12.02.2016 11:23:25: Исключение: Canvas does not allow drawing EInvalidOperation 1602908  Object is nil TRibbon 
12.02.2016 11:23:25: Исключение: Canvas does not allow drawing EInvalidOperation 1598484  Object is nil TRibbon 
12.02.2016 11:23:25: Исключение: Canvas does not allow drawing EInvalidOperation 1586288  Object is nil TRibbonGroup 
12.02.2016 11:23:25: Исключение: Canvas does not allow drawing EInvalidOperation 1586112  Object is nil TRibbonGroup 
12.02.2016 11:23:25: Исключение: Error creating window device context EOutOfResources 1589680  Object is nil TFormMain 
12.02.2016 11:23:26: Исключение: Canvas does not allow drawing EInvalidOperation 1577484  Object is nil TRibbonGroup 
12.02.2016 11:23:26: Исключение: Canvas does not allow drawing EInvalidOperation 1577308  Object is nil TRibbonGroup 
12.02.2016 11:23:26: Исключение: Error creating window device context EOutOfResources 1580876  Object is nil TFormMain 
12.02.2016 11:23:27: Исключение: Canvas does not allow drawing EInvalidOperation 1573812  Object is nil TRibbonGroup 
12.02.2016 11:23:27: Исключение: Canvas does not allow drawing EInvalidOperation 1573812  Object is nil TRibbonGroup 
12.02.2016 11:23:27: Исключение: Canvas does not allow drawing EInvalidOperation 1573832  Object is nil TRibbonGroup 
12.02.2016 11:23:31: Исключение: Error creating window device context EOutOfResources 1572624  Object is nil TFormMain 
12.02.2016 11:23:41: Исключение: Canvas does not allow drawing EInvalidOperation 1562056  Object is nil TRibbonGroup 
12.02.2016 11:23:41: Исключение: Canvas does not allow drawing EInvalidOperation 1562056  Object is nil TRibbonGroup 
12.02.2016 11:23:41: Исключение: Canvas does not allow drawing EInvalidOperation 1561880  Object is nil TRibbonGroup 
12.02.2016 11:23:41: Исключение: Error creating window device context EOutOfResources 1565448  Object is nil TFormMain 
12.02.2016 11:24:24: Исключение: Error creating window device context EOutOfResources 1567580  Object is nil TPanel 
12.02.2016 11:24:28: Исключение: Error creating window device context EOutOfResources 1567580  Object is nil TPanel 
12.02.2016 11:24:28: Исключение: Error creating window device context EOutOfResources 1567580  Object is nil TPanel 
12.02.2016 11:24:29: Исключение: A call to an OS function failed EOSError 1566496  Object is nil TValueListEditor 
12.02.2016 11:24:30: Исключение: A call to an OS function failed EOSError 1567672  Object is nil TValueListEditor 
12.02.2016 11:24:31: Исключение: Error creating window device context EOutOfResources 1567580  Object is nil TPanel 
12.02.2016 11:24:31: Исключение: A call to an OS function failed EOSError 1565776  Object is nil TValueListEditor 
12.02.2016 11:24:31: Исключение: Error creating window device context EOutOfResources 1567580  Object is nil TPanel 
12.02.2016 11:24:32: Исключение: A call to an OS function failed EOSError 1567632  Object is nil TValueListEditor 
12.02.2016 11:24:32: Исключение: A call to an OS function failed EOSError 1567632  Object is nil TValueListEditor 
12.02.2016 11:24:32: Исключение: A call to an OS function failed EOSError 1567516  Object is nil TValueListEditor 
12.02.2016 11:24:32: Исключение: A call to an OS function failed EOSError 1567824  Object is nil TValueListEditor 
12.02.2016 11:24:33: Исключение: A call to an OS function failed EOSError 1567632  Object is nil TValueListEditor 
12.02.2016 11:24:33: Исключение: A call to an OS function failed EOSError 1566884  Object is nil TValueListEditor 
12.02.2016 11:24:34: Исключение: A call to an OS function failed EOSError 1568116  Object is nil TListView 
12.02.2016 11:24:34: Исключение: Cannot make a visible window modal EInvalidOperation 1569136  Object is nil TListView 
12.02.2016 11:24:46: Исключение: Access violation at address 00593ADE in module 'CWM.exe'. Read of address 00000020 EAccessViolation 1558784  Object is nil TTabSheet 
12.02.2016 11:24:47: Исключение: Access violation at address 00593ADE in module 'CWM.exe'. Read of address 00000020 EAccessViolation 1558784  Object is nil TTabSheet 
12.02.2016 11:24:48: Исключение: Access violation at address 00593ADE in module 'CWM.exe'. Read of address 00000020 EAccessViolation 1558784  Object is nil TTabSheet 
12.02.2016 11:24:49: Исключение: Access violation at address 00593ADE in module 'CWM.exe'. Read of address 00000020 EAccessViolation 1558784  Object is nil TTabSheet 
12.02.2016 11:24:50: Исключение: Access violation at address 00593ADE in module 'CWM.exe'. Read of address 00000020 EAccessViolation 1558784  Object is nil TTabSheet 
12.02.2016 11:24:56: Исключение: Access violation at address 00593ADE in module 'CWM.exe'. Read of address 00000020 EAccessViolation 1558784  Object is nil TTabSheet 
12.02.2016 11:25:12: Каталог пользователей C:\Users 
12.02.2016 11:25:16: mon init 
20.04.2016 20:11:55: Каталог пользователей C:\Users 
20.04.2016 20:12:00: mon init 
21.04.2016 18:01:28: Каталог пользователей C:\Users 
21.04.2016 18:01:31: mon init 
21.04.2016 18:02:49: 0 
21.04.2016 18:02:49: 1 
29.04.2016 20:03:22: Каталог пользователей C:\Users 
29.04.2016 20:03:27: mon init 
29.04.2016 20:22:47: mon init 
29.04.2016 20:23:35: mon init 
29.04.2016 20:23:38: Не смог открыть ключ: SOFTWARE\Microsoft\Windows\CurrentVersion\RunOnceEx Операция успешно завершена 
29.04.2016 20:23:38: Не смог открыть ключ: SOFTWARE\Microsoft\Windows\CurrentVersion\RunOnceEx Операция успешно завершена 
29.04.2016 20:23:38: Лишний файл в каталоге АЗ, пропущен C:\Users\Геннадий\AppData\Roaming\Microsoft\Windows\Start Menu\Programs\Startup\desktop.ini 18 
29.04.2016 20:23:38: Лишний файл в каталоге АЗ, пропущен C:\ProgramData\Microsoft\Windows\Start Menu\Programs\Startup\desktop.ini 18 
29.04.2016 20:23:43: Не смог обнаружить файл: C:\Windows\System32\StikyNot.exe 
29.04.2016 20:24:10: Не смог открыть ключ: SOFTWARE\Microsoft\Windows\CurrentVersion\RunOnceEx Операция успешно завершена 
29.04.2016 20:24:10: Не смог открыть ключ: SOFTWARE\Microsoft\Windows\CurrentVersion\RunOnceEx Операция успешно завершена 
29.04.2016 20:24:10: Лишний файл в каталоге АЗ, пропущен C:\Users\Геннадий\AppData\Roaming\Microsoft\Windows\Start Menu\Programs\Startup\desktop.ini 18 
29.04.2016 20:24:10: Лишний файл в каталоге АЗ, пропущен C:\ProgramData\Microsoft\Windows\Start Menu\Programs\Startup\desktop.ini 18 
29.04.2016 20:24:13: Не смог открыть ключ: SOFTWARE\Microsoft\Windows\CurrentVersion\RunOnceEx Операция успешно завершена 
29.04.2016 20:24:13: Не смог открыть ключ: SOFTWARE\Microsoft\Windows\CurrentVersion\RunOnceEx Операция успешно завершена 
29.04.2016 20:24:13: Лишний файл в каталоге АЗ, пропущен C:\Users\Геннадий\AppData\Roaming\Microsoft\Windows\Start Menu\Programs\Startup\desktop.ini 18 
29.04.2016 20:24:13: Лишний файл в каталоге АЗ, пропущен C:\ProgramData\Microsoft\Windows\Start Menu\Programs\Startup\desktop.ini 18 
29.04.2016 20:24:14: Не смог открыть ключ: SOFTWARE\Microsoft\Windows\CurrentVersion\RunOnceEx Операция успешно завершена 
29.04.2016 20:24:14: Не смог открыть ключ: SOFTWARE\Microsoft\Windows\CurrentVersion\RunOnceEx Операция успешно завершена 
29.04.2016 20:24:14: Лишний файл в каталоге АЗ, пропущен C:\Users\Геннадий\AppData\Roaming\Microsoft\Windows\Start Menu\Programs\Startup\desktop.ini 18 
29.04.2016 20:24:14: Лишний файл в каталоге АЗ, пропущен C:\ProgramData\Microsoft\Windows\Start Menu\Programs\Startup\desktop.ini 18 
29.04.2016 20:24:14: Не смог открыть ключ: SOFTWARE\Microsoft\Windows\CurrentVersion\RunOnceEx Операция успешно завершена 
29.04.2016 20:24:14: Не смог открыть ключ: SOFTWARE\Microsoft\Windows\CurrentVersion\RunOnceEx Операция успешно завершена 
29.04.2016 20:24:14: Лишний файл в каталоге АЗ, пропущен C:\Users\Геннадий\AppData\Roaming\Microsoft\Windows\Start Menu\Programs\Startup\desktop.ini 18 
29.04.2016 20:24:14: Лишний файл в каталоге АЗ, пропущен C:\ProgramData\Microsoft\Windows\Start Menu\Programs\Startup\desktop.ini 18 
29.04.2016 20:24:14: Не смог открыть ключ: SOFTWARE\Microsoft\Windows\CurrentVersion\RunOnceEx Операция успешно завершена 
29.04.2016 20:24:14: Не смог открыть ключ: SOFTWARE\Microsoft\Windows\CurrentVersion\RunOnceEx Операция успешно завершена 
29.04.2016 20:24:14: Лишний файл в каталоге АЗ, пропущен C:\Users\Геннадий\AppData\Roaming\Microsoft\Windows\Start Menu\Programs\Startup\desktop.ini 18 
29.04.2016 20:24:14: Лишний файл в каталоге АЗ, пропущен C:\ProgramData\Microsoft\Windows\Start Menu\Programs\Startup\desktop.ini 18 
30.04.2016 13:00:28: mon init 
30.04.2016 13:00:32: Не смог открыть ключ: SOFTWARE\Microsoft\Windows\CurrentVersion\RunOnceEx Операция успешно завершена 
30.04.2016 13:00:32: Не смог открыть ключ: SOFTWARE\Microsoft\Windows\CurrentVersion\RunOnceEx Операция успешно завершена 
30.04.2016 13:00:32: Лишний файл в каталоге АЗ, пропущен C:\Users\Геннадий\AppData\Roaming\Microsoft\Windows\Start Menu\Programs\Startup\desktop.ini 18 
30.04.2016 13:00:32: Лишний файл в каталоге АЗ, пропущен C:\ProgramData\Microsoft\Windows\Start Menu\Programs\Startup\desktop.ini 18 
30.04.2016 13:01:02: Пропущен раздел реестра HKCU Software\WOW6432Node\Microsoft\Windows\CurrentVersion\Uninstall т.к. ветка не существует 0 1 
11.05.2016 11:37:12: Каталог пользователей C:\Users 
11.05.2016 11:37:16: mon init 
11.05.2016 11:38:01: Каталог пользователей C:\Users 
11.05.2016 11:38:05: mon init 
11.05.2016 11:41:16: Каталог пользователей C:\Users 
11.05.2016 11:41:20: mon init 
11.05.2016 11:42:38: loading icon com 
11.05.2016 11:42:38: load icon com succees 
11.05.2016 11:42:38: loading icon com 
11.05.2016 11:42:38: load icon com succees 
11.05.2016 11:42:39: loading icon com 
11.05.2016 11:42:39: load icon com succees 
11.05.2016 11:42:39: loading icon com 
11.05.2016 11:42:39: load icon com succees 
11.05.2016 11:42:39: loading icon com 
11.05.2016 11:42:39: load icon com succees 
11.05.2016 11:42:39: loading icon com 
11.05.2016 11:42:39: loading icon com 
11.05.2016 11:42:39: load icon com succees 
11.05.2016 11:42:39: loading icon com 
11.05.2016 11:42:39: loading icon com 
11.05.2016 11:42:39: load icon com succees 
11.05.2016 11:42:39: loading icon com 
11.05.2016 11:42:39: loading icon com 
11.05.2016 11:42:39: loading icon com 
11.05.2016 11:42:39: loading icon com 
11.05.2016 11:42:39: load icon com succees 
11.05.2016 11:42:40: loading icon com 
11.05.2016 11:42:40: loading icon com 
11.05.2016 11:42:40: loading icon com 
11.05.2016 11:42:40: loading icon com 
11.05.2016 11:42:40: load icon com succees 
11.05.2016 11:42:40: loading icon com 
11.05.2016 11:42:40: loading icon com 
11.05.2016 11:42:40: loading icon com 
11.05.2016 11:42:40: loading icon com 
11.05.2016 11:42:40: loading icon com 
11.05.2016 11:42:41: loading icon com 
11.05.2016 11:42:41: loading icon com 
11.05.2016 11:42:41: loading icon com 
11.05.2016 11:42:41: loading icon com 
11.05.2016 11:42:41: load icon com succees 
11.05.2016 11:42:42: loading icon com 
11.05.2016 11:42:42: load icon com succees 
11.05.2016 11:42:42: loading icon com 
11.05.2016 11:42:43: loading icon com 
11.05.2016 11:42:43: load icon com succees 
11.05.2016 11:42:44: loading icon com 
11.05.2016 11:42:44: load icon com succees 
11.05.2016 11:42:45: loading icon com 
11.05.2016 11:42:45: load icon com succees 
11.05.2016 11:45:14: Исключение: Access violation at address 0063CCB3 in module 'CWM.exe'. Read of address 00000010 EAccessViolation 1630708  Object is nil TApplication 
11.05.2016 11:55:30: Каталог пользователей C:\Users 
11.05.2016 11:55:35: mon init 
11.05.2016 11:56:34: Каталог пользователей C:\Users 
11.05.2016 11:56:40: mon init 
11.05.2016 12:01:42: Каталог пользователей C:\Users 
11.05.2016 12:01:47: mon init 
11.05.2016 12:02:14: Каталог пользователей C:\Users 
11.05.2016 12:02:18: mon init 
11.05.2016 12:03:40: Каталог пользователей C:\Users 
11.05.2016 12:03:44: mon init 
11.05.2016 12:03:48: Исключение: System Error.  Code: 1400.
Недопустимый дескриптор окна EOSError 1633324  Object is nil TFormMain 
11.05.2016 12:04:06: Каталог пользователей C:\Users 
11.05.2016 12:04:10: mon init 
11.05.2016 12:05:16: Исключение: System Error.  Code: 1400.
Недопустимый дескриптор окна EOSError 1633324  Object is nil TFormMain 
11.05.2016 12:09:02: Каталог пользователей C:\Users 
11.05.2016 12:09:06: mon init 
11.05.2016 12:10:16: Каталог пользователей C:\Users 
11.05.2016 12:10:20: mon init 
11.05.2016 12:10:37: Каталог пользователей C:\Users 
11.05.2016 12:10:41: mon init 
11.05.2016 15:11:42: Каталог пользователей C:\Users 
11.05.2016 15:11:46: mon init 
11.05.2016 15:12:21: Каталог пользователей C:\Users 
11.05.2016 15:12:24: mon init 
11.05.2016 15:13:00: Каталог пользователей C:\Users 
11.05.2016 15:13:03: mon init 
11.05.2016 15:13:19: Каталог пользователей C:\Users 
11.05.2016 15:13:22: mon init 
11.05.2016 15:13:42: Каталог пользователей C:\Users 
11.05.2016 15:13:46: mon init 
11.05.2016 15:14:55: Каталог пользователей C:\Users 
11.05.2016 15:14:59: mon init 
11.05.2016 15:15:04: Каталог пользователей C:\Users 
11.05.2016 15:15:08: mon init 
11.05.2016 15:18:16: Каталог пользователей C:\Users 
11.05.2016 15:18:20: mon init 
11.05.2016 15:20:34: Каталог пользователей C:\Users 
11.05.2016 15:20:38: mon init 
11.05.2016 15:21:29: Каталог пользователей C:\Users 
11.05.2016 15:21:33: mon init 
11.05.2016 15:21:48: Исключение: Access violation at address 759CB7C3 in module 'kernel32.dll'. Write of address 007A3C46 EAccessViolation 1631028  Object is nil TRibbonGroup 
11.05.2016 15:23:52: Каталог пользователей C:\Users 
11.05.2016 15:23:56: mon init 
11.05.2016 15:24:24: Каталог пользователей C:\Users 
11.05.2016 15:24:28: mon init 
11.05.2016 15:25:44: Каталог пользователей C:\Users 
11.05.2016 15:25:48: mon init 
11.05.2016 15:27:26: Каталог пользователей C:\Users 
11.05.2016 15:27:30: mon init 
11.05.2016 15:28:37: Каталог пользователей C:\Users 
11.05.2016 15:28:41: mon init 
11.05.2016 15:34:40: Каталог пользователей C:\Users 
11.05.2016 15:34:44: mon init 
11.05.2016 15:37:08: Каталог пользователей C:\Users 
11.05.2016 15:37:11: mon init 
11.05.2016 15:53:39: Каталог пользователей C:\Users 
11.05.2016 15:53:43: mon init 
11.05.2016 15:57:36: Каталог пользователей C:\Users 
11.05.2016 15:57:40: mon init 
11.05.2016 16:23:36: Каталог пользователей C:\Users 
11.05.2016 16:23:49: Каталог пользователей C:\Users 
11.05.2016 16:23:53: mon init 
11.05.2016 16:24:22: Попытка №1 - файл не найден. 
11.05.2016 16:24:22: Попытка №2 - файл не найден. 
11.05.2016 16:24:22: Команда не выполнена.  dir D:\  2 
18.05.2016 13:24:35: Каталог пользователей C:\Users 
18.05.2016 13:24:50: mon init 
18.05.2016 13:25:20: Пропущен раздел реестра HKCU Software\WOW6432Node\Microsoft\Windows\CurrentVersion\Uninstall т.к. ветка не существует 0 1 
18.05.2016 13:34:02: Не смог открыть ключ: SOFTWARE\Microsoft\Windows\CurrentVersion\RunOnceEx Операция успешно завершена 
18.05.2016 13:34:02: Не смог открыть ключ: SOFTWARE\Microsoft\Windows\CurrentVersion\RunOnceEx Операция успешно завершена 
18.05.2016 13:34:02: Лишний файл в каталоге АЗ, пропущен C:\Users\Геннадий\AppData\Roaming\Microsoft\Windows\Start Menu\Programs\Startup\desktop.ini 18 
18.05.2016 13:34:02: Лишний файл в каталоге АЗ, пропущен C:\ProgramData\Microsoft\Windows\Start Menu\Programs\Startup\desktop.ini 18 
18.05.2016 13:34:07: Автозагрузка: Удаляется ключ реестра HKLM\SOFTWARE\Microsoft\Windows\CurrentVersion\Run\hshhsaaaws 
18.05.2016 13:34:07: Ключ успешно удалён. 
26.10.2016 15:22:05: Каталог пользователей C:\Users 
26.10.2016 15:22:10: mon init 
26.10.2016 15:22:20: Не смог открыть ключ: SOFTWARE\Microsoft\Windows\CurrentVersion\RunOnceEx Пользователь остановил перечисление ресурсов 
26.10.2016 15:22:20: Не смог открыть ключ: SOFTWARE\Microsoft\Windows\CurrentVersion\RunOnceEx Операция успешно завершена 
26.10.2016 15:22:20: Лишний файл в каталоге АЗ, пропущен C:\Users\Геннадий\AppData\Roaming\Microsoft\Windows\Start Menu\Programs\Startup\desktop.ini 18 
26.10.2016 15:22:20: Лишний файл в каталоге АЗ, пропущен C:\ProgramData\Microsoft\Windows\Start Menu\Programs\Startup\desktop.ini 18 
26.10.2016 15:22:39: Исключение: Access violation at address 0063CCB3 in module 'CWM.exe'. Read of address 00000010 EAccessViolation 1631472  Object is nil TApplication 
26.10.2016 15:22:44: Исключение: Access violation at address 0063CCB3 in module 'CWM.exe'. Read of address 00000010 EAccessViolation 1631472  Object is nil TApplication 
26.10.2016 15:22:48: Исключение: Access violation at address 0063CCB3 in module 'CWM.exe'. Read of address 00000010 EAccessViolation 1631472  Object is nil TApplication 
26.10.2016 15:22:52: Исключение: Access violation at address 0063CCB3 in module 'CWM.exe'. Read of address 00000010 EAccessViolation 1631472  Object is nil TApplication 
26.10.2016 15:22:55: Исключение: Access violation at address 0063CCB3 in module 'CWM.exe'. Read of address 00000010 EAccessViolation 1631472  Object is nil TApplication 
26.10.2016 15:22:57: Исключение: Access violation at address 0063CCB3 in module 'CWM.exe'. Read of address 00000010 EAccessViolation 1631472  Object is nil TApplication 
26.10.2016 15:23:00: Исключение: Access violation at address 0063CCB3 in module 'CWM.exe'. Read of address 00000010 EAccessViolation 1631472  Object is nil TApplication 
26.10.2016 15:23:08: Исключение: Access violation at address 0063CCB3 in module 'CWM.exe'. Read of address 00000010 EAccessViolation 1628636  Object is nil TApplication 
26.10.2016 15:23:11: Исключение: Access violation at address 0063CCB3 in module 'CWM.exe'. Read of address 00000010 EAccessViolation 1628636  Object is nil TApplication 
26.10.2016 15:23:38: Исключение: Access violation at address 0063CCB3 in module 'CWM.exe'. Read of address 00000010 EAccessViolation 1625800  Object is nil TApplication 
26.10.2016 15:23:44: Исключение: Access violation at address 0063CCB3 in module 'CWM.exe'. Read of address 00000010 EAccessViolation 1622652  Object is nil TApplication 
26.10.2016 15:25:46: Каталог пользователей C:\Users 
26.10.2016 15:25:51: mon init 
26.10.2016 15:26:16: Каталог пользователей C:\Users 
26.10.2016 15:26:21: mon init 
26.10.2016 15:28:10: Каталог пользователей C:\Users 
26.10.2016 15:28:15: mon init 
26.10.2016 15:28:56: Каталог пользователей C:\Users 
26.10.2016 15:29:01: mon init 
26.10.2016 15:29:05: Исключение: Access violation at address 0063CCB3 in module 'CWM.exe'. Read of address 00000010 EAccessViolation 1631472  Object is nil TApplication 
26.10.2016 15:29:07: Исключение: Access violation at address 0063CCB3 in module 'CWM.exe'. Read of address 00000010 EAccessViolation 1631472  Object is nil TApplication 
26.10.2016 15:29:09: Исключение: Access violation at address 0063CCB3 in module 'CWM.exe'. Read of address 00000010 EAccessViolation 1631472  Object is nil TApplication 
26.10.2016 15:29:14: Исключение: Access violation at address 0063CCB3 in module 'CWM.exe'. Read of address 00000010 EAccessViolation 1628636  Object is nil TApplication 
28.10.2016 18:53:26: Каталог пользователей C:\Users 
28.10.2016 18:53:32: mon init 
28.10.2016 18:55:26: Каталог пользователей C:\Users 
28.10.2016 18:55:32: mon init 
28.10.2016 18:55:54: Каталог пользователей C:\Users 
28.10.2016 18:55:59: mon init 
28.10.2016 18:56:54: Каталог пользователей C:\Users 
28.10.2016 18:56:59: mon init 
28.10.2016 19:00:51: Каталог пользователей C:\Users 
28.10.2016 19:00:57: mon init 
18.05.2017 17:13:39: Каталог пользователей C:\Users 
18.05.2017 17:13:43: mon init 
13.07.2017 10:12:26: Каталог пользователей C:\Users 
13.07.2017 10:12:31: mon init 
12.07.2018 12:37:28: Каталог пользователей C:\Users 
12.07.2018 12:37:33: mon init 
12.07.2018 12:38:16: Step 0: NtQueryInformationProcess(ProcHND, 0, @PBI, SizeOf(PBI), nil) is fail 980 
12.07.2018 12:38:16: Step 0: NtQueryInformationProcess(ProcHND, 0, @PBI, SizeOf(PBI), nil) is fail 980 
12.07.2018 12:38:16: Step 0: NtQueryInformationProcess(ProcHND, 0, @PBI, SizeOf(PBI), nil) is fail 980 
12.07.2018 12:38:16: Step 0: NtQueryInformationProcess(ProcHND, 0, @PBI, SizeOf(PBI), nil) is fail 980 
12.07.2018 12:38:16: Step 0: NtQueryInformationProcess(ProcHND, 0, @PBI, SizeOf(PBI), nil) is fail 980 
12.07.2018 12:38:16: Step 0: NtQueryInformationProcess(ProcHND, 0, @PBI, SizeOf(PBI), nil) is fail 980 
12.07.2018 12:38:16: Step 0: NtQueryInformationProcess(ProcHND, 0, @PBI, SizeOf(PBI), nil) is fail 980 
12.07.2018 12:38:16: Step 0: NtQueryInformationProcess(ProcHND, 0, @PBI, SizeOf(PBI), nil) is fail 980 
12.07.2018 12:38:16: Step 0: NtQueryInformationProcess(ProcHND, 0, @PBI, SizeOf(PBI), nil) is fail 980 
12.07.2018 12:38:16: Step 0: NtQueryInformationProcess(ProcHND, 0, @PBI, SizeOf(PBI), nil) is fail 980 
12.07.2018 12:38:16: Step 0: NtQueryInformationProcess(ProcHND, 0, @PBI, SizeOf(PBI), nil) is fail 980 
12.07.2018 12:38:16: Step 0: NtQueryInformationProcess(ProcHND, 0, @PBI, SizeOf(PBI), nil) is fail 980 
12.07.2018 12:38:16: Step 0: NtQueryInformationProcess(ProcHND, 0, @PBI, SizeOf(PBI), nil) is fail 980 
12.07.2018 12:38:16: Step 0: NtQueryInformationProcess(ProcHND, 0, @PBI, SizeOf(PBI), nil) is fail 980 
12.07.2018 12:38:16: Step 0: NtQueryInformationProcess(ProcHND, 0, @PBI, SizeOf(PBI), nil) is fail 980 
12.07.2018 12:38:16: Step 0: NtQueryInformationProcess(ProcHND, 0, @PBI, SizeOf(PBI), nil) is fail 980 
12.07.2018 12:38:16: Step 0: NtQueryInformationProcess(ProcHND, 0, @PBI, SizeOf(PBI), nil) is fail 980 
12.07.2018 12:38:16: Step 0: NtQueryInformationProcess(ProcHND, 0, @PBI, SizeOf(PBI), nil) is fail 980 
12.07.2018 12:38:16: Step 0: NtQueryInformationProcess(ProcHND, 0, @PBI, SizeOf(PBI), nil) is fail 980 
12.07.2018 12:38:16: Step 0: NtQueryInformationProcess(ProcHND, 0, @PBI, SizeOf(PBI), nil) is fail 980 
12.07.2018 12:38:16: Step 0: NtQueryInformationProcess(ProcHND, 0, @PBI, SizeOf(PBI), nil) is fail 980 
12.07.2018 12:38:16: Step 0: NtQueryInformationProcess(ProcHND, 0, @PBI, SizeOf(PBI), nil) is fail 980 
12.07.2018 12:38:16: Step 0: NtQueryInformationProcess(ProcHND, 0, @PBI, SizeOf(PBI), nil) is fail 980 
12.07.2018 12:38:16: Step 0: NtQueryInformationProcess(ProcHND, 0, @PBI, SizeOf(PBI), nil) is fail 980 
12.07.2018 12:38:16: Step 0: NtQueryInformationProcess(ProcHND, 0, @PBI, SizeOf(PBI), nil) is fail 980 
12.07.2018 12:38:16: Step 0: NtQueryInformationProcess(ProcHND, 0, @PBI, SizeOf(PBI), nil) is fail 980 
12.07.2018 12:38:16: Step 0: NtQueryInformationProcess(ProcHND, 0, @PBI, SizeOf(PBI), nil) is fail 980 
12.07.2018 12:38:16: Step 0: NtQueryInformationProcess(ProcHND, 0, @PBI, SizeOf(PBI), nil) is fail 980 
12.07.2018 12:38:16: Step 0: NtQueryInformationProcess(ProcHND, 0, @PBI, SizeOf(PBI), nil) is fail 980 
12.07.2018 12:38:16: Step 0: NtQueryInformationProcess(ProcHND, 0, @PBI, SizeOf(PBI), nil) is fail 980 
12.07.2018 12:38:16: Step 0: NtQueryInformationProcess(ProcHND, 0, @PBI, SizeOf(PBI), nil) is fail 980 
12.07.2018 12:38:16: Step 0: NtQueryInformationProcess(ProcHND, 0, @PBI, SizeOf(PBI), nil) is fail 980 
12.07.2018 12:38:16: Step 0: NtQueryInformationProcess(ProcHND, 0, @PBI, SizeOf(PBI), nil) is fail 980 
12.07.2018 12:38:16: Step 0: NtQueryInformationProcess(ProcHND, 0, @PBI, SizeOf(PBI), nil) is fail 980 
12.07.2018 12:38:16: Step 0: NtQueryInformationProcess(ProcHND, 0, @PBI, SizeOf(PBI), nil) is fail 980 
12.07.2018 12:38:16: Step 0: NtQueryInformationProcess(ProcHND, 0, @PBI, SizeOf(PBI), nil) is fail 980 
12.07.2018 12:38:16: Step 0: NtQueryInformationProcess(ProcHND, 0, @PBI, SizeOf(PBI), nil) is fail 980 
12.07.2018 12:38:16: Step 0: NtQueryInformationProcess(ProcHND, 0, @PBI, SizeOf(PBI), nil) is fail 980 
12.07.2018 12:38:16: Step 0: NtQueryInformationProcess(ProcHND, 0, @PBI, SizeOf(PBI), nil) is fail 980 
12.07.2018 12:38:16: Step 0: NtQueryInformationProcess(ProcHND, 0, @PBI, SizeOf(PBI), nil) is fail 980 
12.07.2018 12:38:16: Step 0: NtQueryInformationProcess(ProcHND, 0, @PBI, SizeOf(PBI), nil) is fail 980 
12.07.2018 12:38:16: Step 0: NtQueryInformationProcess(ProcHND, 0, @PBI, SizeOf(PBI), nil) is fail 980 
12.07.2018 12:38:16: Step 0: NtQueryInformationProcess(ProcHND, 0, @PBI, SizeOf(PBI), nil) is fail 980 
12.07.2018 12:38:16: Step 0: NtQueryInformationProcess(ProcHND, 0, @PBI, SizeOf(PBI), nil) is fail 980 
12.07.2018 12:38:16: Step 0: NtQueryInformationProcess(ProcHND, 0, @PBI, SizeOf(PBI), nil) is fail 980 
12.07.2018 12:38:16: Step 0: NtQueryInformationProcess(ProcHND, 0, @PBI, SizeOf(PBI), nil) is fail 980 
12.07.2018 12:38:16: Step 0: NtQueryInformationProcess(ProcHND, 0, @PBI, SizeOf(PBI), nil) is fail 980 
12.07.2018 12:38:16: Step 0: NtQueryInformationProcess(ProcHND, 0, @PBI, SizeOf(PBI), nil) is fail 980 
12.07.2018 12:38:16: Step 0: NtQueryInformationProcess(ProcHND, 0, @PBI, SizeOf(PBI), nil) is fail 980 
12.07.2018 12:38:16: Step 0: NtQueryInformationProcess(ProcHND, 0, @PBI, SizeOf(PBI), nil) is fail 980 
12.07.2018 12:38:16: Step 0: NtQueryInformationProcess(ProcHND, 0, @PBI, SizeOf(PBI), nil) is fail 980 
12.07.2018 12:38:16: Step 0: NtQueryInformationProcess(ProcHND, 0, @PBI, SizeOf(PBI), nil) is fail 980 
12.07.2018 12:38:16: Step 0: NtQueryInformationProcess(ProcHND, 0, @PBI, SizeOf(PBI), nil) is fail 980 
12.07.2018 12:38:16: Step 0: NtQueryInformationProcess(ProcHND, 0, @PBI, SizeOf(PBI), nil) is fail 980 
12.07.2018 12:38:16: Step 0: NtQueryInformationProcess(ProcHND, 0, @PBI, SizeOf(PBI), nil) is fail 980 
12.07.2018 12:38:16: Step 0: NtQueryInformationProcess(ProcHND, 0, @PBI, SizeOf(PBI), nil) is fail 980 
12.07.2018 12:38:16: Step 0: NtQueryInformationProcess(ProcHND, 0, @PBI, SizeOf(PBI), nil) is fail 980 
12.07.2018 12:38:16: Step 0: NtQueryInformationProcess(ProcHND, 0, @PBI, SizeOf(PBI), nil) is fail 980 
12.07.2018 12:38:16: Step 0: NtQueryInformationProcess(ProcHND, 0, @PBI, SizeOf(PBI), nil) is fail 980 
12.07.2018 12:38:16: Step 0: NtQueryInformationProcess(ProcHND, 0, @PBI, SizeOf(PBI), nil) is fail 980 
12.07.2018 12:38:16: Step 0: NtQueryInformationProcess(ProcHND, 0, @PBI, SizeOf(PBI), nil) is fail 980 
12.07.2018 12:38:16: Step 0: NtQueryInformationProcess(ProcHND, 0, @PBI, SizeOf(PBI), nil) is fail 980 
12.07.2018 12:38:16: Step 0: NtQueryInformationProcess(ProcHND, 0, @PBI, SizeOf(PBI), nil) is fail 980 
12.07.2018 12:38:16: Step 0: NtQueryInformationProcess(ProcHND, 0, @PBI, SizeOf(PBI), nil) is fail 980 
12.07.2018 12:38:16: Step 0: NtQueryInformationProcess(ProcHND, 0, @PBI, SizeOf(PBI), nil) is fail 980 
12.07.2018 12:38:16: Step 0: NtQueryInformationProcess(ProcHND, 0, @PBI, SizeOf(PBI), nil) is fail 980 
12.07.2018 12:38:16: Step 0: NtQueryInformationProcess(ProcHND, 0, @PBI, SizeOf(PBI), nil) is fail 980 
12.07.2018 12:38:16: Step 0: NtQueryInformationProcess(ProcHND, 0, @PBI, SizeOf(PBI), nil) is fail 980 
12.07.2018 12:38:16: Step 0: NtQueryInformationProcess(ProcHND, 0, @PBI, SizeOf(PBI), nil) is fail 980 
12.07.2018 12:38:16: Step 0: NtQueryInformationProcess(ProcHND, 0, @PBI, SizeOf(PBI), nil) is fail 980 
12.07.2018 12:38:16: Step 0: NtQueryInformationProcess(ProcHND, 0, @PBI, SizeOf(PBI), nil) is fail 980 
12.07.2018 12:38:16: Step 0: NtQueryInformationProcess(ProcHND, 0, @PBI, SizeOf(PBI), nil) is fail 980 
12.07.2018 12:38:16: Step 0: NtQueryInformationProcess(ProcHND, 0, @PBI, SizeOf(PBI), nil) is fail 980 
12.07.2018 12:38:16: Step 0: NtQueryInformationProcess(ProcHND, 0, @PBI, SizeOf(PBI), nil) is fail 980 
12.07.2018 12:38:16: Step 0: NtQueryInformationProcess(ProcHND, 0, @PBI, SizeOf(PBI), nil) is fail 980 
12.07.2018 12:38:16: Step 0: NtQueryInformationProcess(ProcHND, 0, @PBI, SizeOf(PBI), nil) is fail 980 
12.07.2018 12:38:16: Step 0: NtQueryInformationProcess(ProcHND, 0, @PBI, SizeOf(PBI), nil) is fail 980 
12.07.2018 12:38:16: Step 0: NtQueryInformationProcess(ProcHND, 0, @PBI, SizeOf(PBI), nil) is fail 980 
12.07.2018 12:38:16: Step 0: NtQueryInformationProcess(ProcHND, 0, @PBI, SizeOf(PBI), nil) is fail 980 
12.07.2018 12:38:16: Step 0: NtQueryInformationProcess(ProcHND, 0, @PBI, SizeOf(PBI), nil) is fail 980 
12.07.2018 12:38:16: Step 0: NtQueryInformationProcess(ProcHND, 0, @PBI, SizeOf(PBI), nil) is fail 980 
12.07.2018 12:38:16: Step 0: NtQueryInformationProcess(ProcHND, 0, @PBI, SizeOf(PBI), nil) is fail 980 
12.07.2018 12:38:16: Step 0: NtQueryInformationProcess(ProcHND, 0, @PBI, SizeOf(PBI), nil) is fail 980 
12.07.2018 12:38:16: Step 0: NtQueryInformationProcess(ProcHND, 0, @PBI, SizeOf(PBI), nil) is fail 980 
12.07.2018 12:38:16: Step 0: NtQueryInformationProcess(ProcHND, 0, @PBI, SizeOf(PBI), nil) is fail 980 
12.07.2018 12:38:16: Step 0: NtQueryInformationProcess(ProcHND, 0, @PBI, SizeOf(PBI), nil) is fail 980 
12.07.2018 12:38:17: Step 0: NtQueryInformationProcess(ProcHND, 0, @PBI, SizeOf(PBI), nil) is fail 980 
12.07.2018 12:38:17: Step 0: NtQueryInformationProcess(ProcHND, 0, @PBI, SizeOf(PBI), nil) is fail 980 
12.07.2018 12:38:17: Step 0: NtQueryInformationProcess(ProcHND, 0, @PBI, SizeOf(PBI), nil) is fail 980 
12.07.2018 12:38:17: Step 0: NtQueryInformationProcess(ProcHND, 0, @PBI, SizeOf(PBI), nil) is fail 980 
12.07.2018 12:38:17: Step 0: NtQueryInformationProcess(ProcHND, 0, @PBI, SizeOf(PBI), nil) is fail 980 
12.07.2018 12:38:17: Step 0: NtQueryInformationProcess(ProcHND, 0, @PBI, SizeOf(PBI), nil) is fail 980 
12.07.2018 12:38:17: Step 0: NtQueryInformationProcess(ProcHND, 0, @PBI, SizeOf(PBI), nil) is fail 980 
12.07.2018 12:38:17: Step 0: NtQueryInformationProcess(ProcHND, 0, @PBI, SizeOf(PBI), nil) is fail 980 
12.07.2018 12:38:17: Step 0: NtQueryInformationProcess(ProcHND, 0, @PBI, SizeOf(PBI), nil) is fail 980 
12.07.2018 12:38:17: Step 0: NtQueryInformationProcess(ProcHND, 0, @PBI, SizeOf(PBI), nil) is fail 980 
12.07.2018 12:38:17: Step 0: NtQueryInformationProcess(ProcHND, 0, @PBI, SizeOf(PBI), nil) is fail 980 
12.07.2018 12:38:17: Step 0: NtQueryInformationProcess(ProcHND, 0, @PBI, SizeOf(PBI), nil) is fail 980 
12.07.2018 15:01:36: Каталог пользователей C:\Users 
12.07.2018 15:01:40: mon init 
12.07.2018 15:01:47: Не смог открыть ключ: SOFTWARE\Microsoft\Windows\CurrentVersion\RunOnceEx Операция успешно завершена 
12.07.2018 15:01:47: Не смог открыть ключ: SOFTWARE\Microsoft\Windows\CurrentVersion\RunOnceEx Операция успешно завершена 
12.07.2018 15:01:47: Лишний файл в каталоге АЗ, пропущен C:\Users\Геннадий\AppData\Roaming\Microsoft\Windows\Start Menu\Programs\Startup\desktop.ini 18 
12.07.2018 15:01:47: Лишний файл в каталоге АЗ, пропущен C:\ProgramData\Microsoft\Windows\Start Menu\Programs\Startup\desktop.ini 18 
12.07.2018 15:01:54: Не смог открыть ключ: SOFTWARE\Microsoft\Windows\CurrentVersion\RunOnceEx Операция успешно завершена 
12.07.2018 15:01:54: Не смог открыть ключ: SOFTWARE\Microsoft\Windows\CurrentVersion\RunOnceEx Операция успешно завершена 
12.07.2018 15:01:54: Лишний файл в каталоге АЗ, пропущен C:\Users\Геннадий\AppData\Roaming\Microsoft\Windows\Start Menu\Programs\Startup\desktop.ini 18 
12.07.2018 15:01:54: Лишний файл в каталоге АЗ, пропущен C:\ProgramData\Microsoft\Windows\Start Menu\Programs\Startup\desktop.ini 18 
12.07.2018 15:04:06: Удаляется задача: \NvTmRepCR3_{B2FE1952-0186-46C3-BAEC-A80AA35AC5B8} 
12.07.2018 15:04:13: Удаляется задача: \NvTmRepCR2_{B2FE1952-0186-46C3-BAEC-A80AA35AC5B8} 
12.07.2018 15:06:23: Удаляется задача: \NvTmRepCR1_{B2FE1952-0186-46C3-BAEC-A80AA35AC5B8} 
12.07.2018 15:06:28: Удаляется задача: \NvTmMon_{B2FE1952-0186-46C3-BAEC-A80AA35AC5B8} 
12.07.2018 15:07:08: Попытка №1 - Выполнена команда: regedit  33 
12.07.2018 15:07:24: Исключение: Failed to get data for 'FeatureSet' ERegistryException 1628916  Object is nil TTabSheet 
12.07.2018 15:12:09: Каталог пользователей C:\Users 
12.07.2018 15:12:13: mon init 
12.07.2018 16:03:02: Каталог пользователей C:\Users 
12.07.2018 16:03:06: mon init 
12.07.2018 16:05:12: Каталог пользователей C:\Users 
12.07.2018 16:05:16: mon init 
12.07.2018 16:05:29: Не смог открыть ключ: SOFTWARE\Microsoft\Windows\CurrentVersion\RunOnceEx Операция успешно завершена 
12.07.2018 16:05:29: Не смог открыть ключ: SOFTWARE\Microsoft\Windows\CurrentVersion\RunOnceEx Операция успешно завершена 
12.07.2018 16:05:29: Лишний файл в каталоге АЗ, пропущен C:\Users\Геннадий\AppData\Roaming\Microsoft\Windows\Start Menu\Programs\Startup\desktop.ini 18 
12.07.2018 16:05:29: Лишний файл в каталоге АЗ, пропущен C:\ProgramData\Microsoft\Windows\Start Menu\Programs\Startup\desktop.ini 18 
12.07.2018 16:05:40: Построение списка установленных программ и компонентов прервано. 0 
12.07.2018 16:07:42: Каталог пользователей C:\Users 
12.07.2018 16:07:45: mon init 
12.07.2018 16:31:29: Каталог пользователей C:\Users 
12.07.2018 16:31:34: mon init 
12.07.2018 16:31:39: Не смог открыть ключ: SOFTWARE\Microsoft\Windows\CurrentVersion\RunOnceEx Пользователь остановил перечисление ресурсов 
12.07.2018 16:31:39: Не смог открыть ключ: SOFTWARE\Microsoft\Windows\CurrentVersion\RunOnceEx Операция успешно завершена 
12.07.2018 16:31:39: Лишний файл в каталоге АЗ, пропущен C:\Users\Геннадий\AppData\Roaming\Microsoft\Windows\Start Menu\Programs\Startup\desktop.ini 18 
12.07.2018 16:31:39: Лишний файл в каталоге АЗ, пропущен C:\ProgramData\Microsoft\Windows\Start Menu\Programs\Startup\desktop.ini 18 
12.07.2018 16:31:58: Step 0: NtQueryInformationProcess(ProcHND, 0, @PBI, SizeOf(PBI), nil) is fail 976 
12.07.2018 16:31:58: Step 0: NtQueryInformationProcess(ProcHND, 0, @PBI, SizeOf(PBI), nil) is fail 976 
12.07.2018 16:31:58: Step 0: NtQueryInformationProcess(ProcHND, 0, @PBI, SizeOf(PBI), nil) is fail 976 
12.07.2018 16:31:58: Step 0: NtQueryInformationProcess(ProcHND, 0, @PBI, SizeOf(PBI), nil) is fail 976 
12.07.2018 16:31:58: Step 0: NtQueryInformationProcess(ProcHND, 0, @PBI, SizeOf(PBI), nil) is fail 976 
12.07.2018 16:31:58: Step 0: NtQueryInformationProcess(ProcHND, 0, @PBI, SizeOf(PBI), nil) is fail 976 
12.07.2018 16:31:58: Step 0: NtQueryInformationProcess(ProcHND, 0, @PBI, SizeOf(PBI), nil) is fail 976 
12.07.2018 16:31:58: Step 0: NtQueryInformationProcess(ProcHND, 0, @PBI, SizeOf(PBI), nil) is fail 976 
12.07.2018 16:31:58: Step 0: NtQueryInformationProcess(ProcHND, 0, @PBI, SizeOf(PBI), nil) is fail 976 
12.07.2018 16:31:58: Step 0: NtQueryInformationProcess(ProcHND, 0, @PBI, SizeOf(PBI), nil) is fail 976 
12.07.2018 16:31:58: Step 0: NtQueryInformationProcess(ProcHND, 0, @PBI, SizeOf(PBI), nil) is fail 976 
12.07.2018 16:31:58: Step 0: NtQueryInformationProcess(ProcHND, 0, @PBI, SizeOf(PBI), nil) is fail 976 
12.07.2018 16:31:58: Step 0: NtQueryInformationProcess(ProcHND, 0, @PBI, SizeOf(PBI), nil) is fail 976 
12.07.2018 16:31:58: Step 0: NtQueryInformationProcess(ProcHND, 0, @PBI, SizeOf(PBI), nil) is fail 976 
12.07.2018 16:31:58: Step 0: NtQueryInformationProcess(ProcHND, 0, @PBI, SizeOf(PBI), nil) is fail 976 
12.07.2018 16:31:58: Step 0: NtQueryInformationProcess(ProcHND, 0, @PBI, SizeOf(PBI), nil) is fail 976 
12.07.2018 16:31:59: Step 0: NtQueryInformationProcess(ProcHND, 0, @PBI, SizeOf(PBI), nil) is fail 976 
12.07.2018 16:31:59: Step 0: NtQueryInformationProcess(ProcHND, 0, @PBI, SizeOf(PBI), nil) is fail 976 
12.07.2018 16:31:59: Step 0: NtQueryInformationProcess(ProcHND, 0, @PBI, SizeOf(PBI), nil) is fail 976 
12.07.2018 16:31:59: Step 0: NtQueryInformationProcess(ProcHND, 0, @PBI, SizeOf(PBI), nil) is fail 976 
12.07.2018 16:31:59: Step 0: NtQueryInformationProcess(ProcHND, 0, @PBI, SizeOf(PBI), nil) is fail 976 
12.07.2018 16:31:59: Step 0: NtQueryInformationProcess(ProcHND, 0, @PBI, SizeOf(PBI), nil) is fail 976 
12.07.2018 16:31:59: Step 0: NtQueryInformationProcess(ProcHND, 0, @PBI, SizeOf(PBI), nil) is fail 976 
12.07.2018 16:31:59: Step 0: NtQueryInformationProcess(ProcHND, 0, @PBI, SizeOf(PBI), nil) is fail 976 
12.07.2018 16:31:59: Step 0: NtQueryInformationProcess(ProcHND, 0, @PBI, SizeOf(PBI), nil) is fail 976 
12.07.2018 16:31:59: Step 0: NtQueryInformationProcess(ProcHND, 0, @PBI, SizeOf(PBI), nil) is fail 976 
12.07.2018 16:31:59: Step 0: NtQueryInformationProcess(ProcHND, 0, @PBI, SizeOf(PBI), nil) is fail 976 
12.07.2018 16:31:59: Step 0: NtQueryInformationProcess(ProcHND, 0, @PBI, SizeOf(PBI), nil) is fail 976 
12.07.2018 16:31:59: Step 0: NtQueryInformationProcess(ProcHND, 0, @PBI, SizeOf(PBI), nil) is fail 976 
12.07.2018 16:31:59: Step 0: NtQueryInformationProcess(ProcHND, 0, @PBI, SizeOf(PBI), nil) is fail 976 
12.07.2018 16:31:59: Step 0: NtQueryInformationProcess(ProcHND, 0, @PBI, SizeOf(PBI), nil) is fail 976 
12.07.2018 16:31:59: Step 0: NtQueryInformationProcess(ProcHND, 0, @PBI, SizeOf(PBI), nil) is fail 976 
12.07.2018 16:31:59: Step 0: NtQueryInformationProcess(ProcHND, 0, @PBI, SizeOf(PBI), nil) is fail 976 
12.07.2018 16:31:59: Step 0: NtQueryInformationProcess(ProcHND, 0, @PBI, SizeOf(PBI), nil) is fail 976 
12.07.2018 16:31:59: Step 0: NtQueryInformationProcess(ProcHND, 0, @PBI, SizeOf(PBI), nil) is fail 976 
12.07.2018 16:31:59: Step 0: NtQueryInformationProcess(ProcHND, 0, @PBI, SizeOf(PBI), nil) is fail 976 
12.07.2018 16:31:59: Step 0: NtQueryInformationProcess(ProcHND, 0, @PBI, SizeOf(PBI), nil) is fail 976 
12.07.2018 16:31:59: Step 0: NtQueryInformationProcess(ProcHND, 0, @PBI, SizeOf(PBI), nil) is fail 976 
12.07.2018 16:31:59: Step 0: NtQueryInformationProcess(ProcHND, 0, @PBI, SizeOf(PBI), nil) is fail 976 
12.07.2018 16:31:59: Step 0: NtQueryInformationProcess(ProcHND, 0, @PBI, SizeOf(PBI), nil) is fail 976 
12.07.2018 16:31:59: Step 0: NtQueryInformationProcess(ProcHND, 0, @PBI, SizeOf(PBI), nil) is fail 976 
12.07.2018 16:31:59: Step 0: NtQueryInformationProcess(ProcHND, 0, @PBI, SizeOf(PBI), nil) is fail 976 
12.07.2018 16:31:59: Step 0: NtQueryInformationProcess(ProcHND, 0, @PBI, SizeOf(PBI), nil) is fail 976 
12.07.2018 16:31:59: Step 0: NtQueryInformationProcess(ProcHND, 0, @PBI, SizeOf(PBI), nil) is fail 976 
12.07.2018 16:31:59: Step 0: NtQueryInformationProcess(ProcHND, 0, @PBI, SizeOf(PBI), nil) is fail 976 
12.07.2018 16:31:59: Step 0: NtQueryInformationProcess(ProcHND, 0, @PBI, SizeOf(PBI), nil) is fail 976 
12.07.2018 16:31:59: Step 0: NtQueryInformationProcess(ProcHND, 0, @PBI, SizeOf(PBI), nil) is fail 976 
12.07.2018 16:31:59: Step 0: NtQueryInformationProcess(ProcHND, 0, @PBI, SizeOf(PBI), nil) is fail 976 
12.07.2018 16:31:59: Step 0: NtQueryInformationProcess(ProcHND, 0, @PBI, SizeOf(PBI), nil) is fail 976 
12.07.2018 16:31:59: Step 0: NtQueryInformationProcess(ProcHND, 0, @PBI, SizeOf(PBI), nil) is fail 976 
12.07.2018 16:31:59: Step 0: NtQueryInformationProcess(ProcHND, 0, @PBI, SizeOf(PBI), nil) is fail 976 
12.07.2018 16:31:59: Step 0: NtQueryInformationProcess(ProcHND, 0, @PBI, SizeOf(PBI), nil) is fail 976 
12.07.2018 16:31:59: Step 0: NtQueryInformationProcess(ProcHND, 0, @PBI, SizeOf(PBI), nil) is fail 976 
12.07.2018 16:31:59: Step 0: NtQueryInformationProcess(ProcHND, 0, @PBI, SizeOf(PBI), nil) is fail 976 
12.07.2018 16:31:59: Step 0: NtQueryInformationProcess(ProcHND, 0, @PBI, SizeOf(PBI), nil) is fail 976 
12.07.2018 16:31:59: Step 0: NtQueryInformationProcess(ProcHND, 0, @PBI, SizeOf(PBI), nil) is fail 976 
12.07.2018 16:31:59: Step 0: NtQueryInformationProcess(ProcHND, 0, @PBI, SizeOf(PBI), nil) is fail 976 
12.07.2018 16:31:59: Step 0: NtQueryInformationProcess(ProcHND, 0, @PBI, SizeOf(PBI), nil) is fail 976 
12.07.2018 16:31:59: Step 0: NtQueryInformationProcess(ProcHND, 0, @PBI, SizeOf(PBI), nil) is fail 976 
12.07.2018 16:31:59: Step 0: NtQueryInformationProcess(ProcHND, 0, @PBI, SizeOf(PBI), nil) is fail 976 
12.07.2018 16:31:59: Step 0: NtQueryInformationProcess(ProcHND, 0, @PBI, SizeOf(PBI), nil) is fail 976 
12.07.2018 16:31:59: Step 0: NtQueryInformationProcess(ProcHND, 0, @PBI, SizeOf(PBI), nil) is fail 976 
12.07.2018 16:31:59: Step 0: NtQueryInformationProcess(ProcHND, 0, @PBI, SizeOf(PBI), nil) is fail 976 
12.07.2018 16:31:59: Step 0: NtQueryInformationProcess(ProcHND, 0, @PBI, SizeOf(PBI), nil) is fail 976 
12.07.2018 16:31:59: Step 0: NtQueryInformationProcess(ProcHND, 0, @PBI, SizeOf(PBI), nil) is fail 976 
12.07.2018 16:31:59: Step 0: NtQueryInformationProcess(ProcHND, 0, @PBI, SizeOf(PBI), nil) is fail 976 
12.07.2018 16:31:59: Step 0: NtQueryInformationProcess(ProcHND, 0, @PBI, SizeOf(PBI), nil) is fail 976 
12.07.2018 16:31:59: Step 0: NtQueryInformationProcess(ProcHND, 0, @PBI, SizeOf(PBI), nil) is fail 976 
12.07.2018 16:31:59: Step 0: NtQueryInformationProcess(ProcHND, 0, @PBI, SizeOf(PBI), nil) is fail 976 
12.07.2018 16:31:59: Step 0: NtQueryInformationProcess(ProcHND, 0, @PBI, SizeOf(PBI), nil) is fail 976 
12.07.2018 16:31:59: Step 0: NtQueryInformationProcess(ProcHND, 0, @PBI, SizeOf(PBI), nil) is fail 976 
12.07.2018 16:31:59: Step 0: NtQueryInformationProcess(ProcHND, 0, @PBI, SizeOf(PBI), nil) is fail 976 
12.07.2018 16:31:59: Step 0: NtQueryInformationProcess(ProcHND, 0, @PBI, SizeOf(PBI), nil) is fail 976 
12.07.2018 16:31:59: Step 0: NtQueryInformationProcess(ProcHND, 0, @PBI, SizeOf(PBI), nil) is fail 976 
12.07.2018 16:31:59: Step 0: NtQueryInformationProcess(ProcHND, 0, @PBI, SizeOf(PBI), nil) is fail 976 
12.07.2018 16:31:59: Step 0: NtQueryInformationProcess(ProcHND, 0, @PBI, SizeOf(PBI), nil) is fail 976 
12.07.2018 16:31:59: Step 0: NtQueryInformationProcess(ProcHND, 0, @PBI, SizeOf(PBI), nil) is fail 976 
12.07.2018 16:31:59: Step 0: NtQueryInformationProcess(ProcHND, 0, @PBI, SizeOf(PBI), nil) is fail 976 
12.07.2018 16:31:59: Step 0: NtQueryInformationProcess(ProcHND, 0, @PBI, SizeOf(PBI), nil) is fail 976 
12.07.2018 16:31:59: Step 0: NtQueryInformationProcess(ProcHND, 0, @PBI, SizeOf(PBI), nil) is fail 976 
12.07.2018 16:31:59: Step 0: NtQueryInformationProcess(ProcHND, 0, @PBI, SizeOf(PBI), nil) is fail 976 
12.07.2018 16:31:59: Step 0: NtQueryInformationProcess(ProcHND, 0, @PBI, SizeOf(PBI), nil) is fail 976 
12.07.2018 16:31:59: Step 0: NtQueryInformationProcess(ProcHND, 0, @PBI, SizeOf(PBI), nil) is fail 976 
12.07.2018 16:31:59: Step 0: NtQueryInformationProcess(ProcHND, 0, @PBI, SizeOf(PBI), nil) is fail 976 
12.07.2018 16:31:59: Step 0: NtQueryInformationProcess(ProcHND, 0, @PBI, SizeOf(PBI), nil) is fail 976 
12.07.2018 16:31:59: Step 0: NtQueryInformationProcess(ProcHND, 0, @PBI, SizeOf(PBI), nil) is fail 976 
12.07.2018 16:31:59: Step 0: NtQueryInformationProcess(ProcHND, 0, @PBI, SizeOf(PBI), nil) is fail 976 
12.07.2018 16:31:59: Step 0: NtQueryInformationProcess(ProcHND, 0, @PBI, SizeOf(PBI), nil) is fail 976 
12.07.2018 16:31:59: Step 0: NtQueryInformationProcess(ProcHND, 0, @PBI, SizeOf(PBI), nil) is fail 988 
12.07.2018 16:31:59: Step 0: NtQueryInformationProcess(ProcHND, 0, @PBI, SizeOf(PBI), nil) is fail 988 
12.07.2018 16:31:59: Step 0: NtQueryInformationProcess(ProcHND, 0, @PBI, SizeOf(PBI), nil) is fail 988 
12.07.2018 16:31:59: Step 0: NtQueryInformationProcess(ProcHND, 0, @PBI, SizeOf(PBI), nil) is fail 988 
12.07.2018 16:31:59: Step 0: NtQueryInformationProcess(ProcHND, 0, @PBI, SizeOf(PBI), nil) is fail 988 
12.07.2018 16:31:59: Step 0: NtQueryInformationProcess(ProcHND, 0, @PBI, SizeOf(PBI), nil) is fail 988 
12.07.2018 16:31:59: Step 0: NtQueryInformationProcess(ProcHND, 0, @PBI, SizeOf(PBI), nil) is fail 988 
12.07.2018 16:31:59: Step 0: NtQueryInformationProcess(ProcHND, 0, @PBI, SizeOf(PBI), nil) is fail 988 
12.07.2018 16:31:59: Step 0: NtQueryInformationProcess(ProcHND, 0, @PBI, SizeOf(PBI), nil) is fail 988 
12.07.2018 16:31:59: Step 0: NtQueryInformationProcess(ProcHND, 0, @PBI, SizeOf(PBI), nil) is fail 988 
12.07.2018 16:31:59: Step 0: NtQueryInformationProcess(ProcHND, 0, @PBI, SizeOf(PBI), nil) is fail 988 
12.07.2018 16:31:59: Step 0: NtQueryInformationProcess(ProcHND, 0, @PBI, SizeOf(PBI), nil) is fail 988 
12.07.2018 16:31:59: Step 0: NtQueryInformationProcess(ProcHND, 0, @PBI, SizeOf(PBI), nil) is fail 988 
12.07.2018 16:31:59: Step 0: NtQueryInformationProcess(ProcHND, 0, @PBI, SizeOf(PBI), nil) is fail 988 
12.07.2018 16:31:59: Step 0: NtQueryInformationProcess(ProcHND, 0, @PBI, SizeOf(PBI), nil) is fail 988 
12.07.2018 16:31:59: Step 0: NtQueryInformationProcess(ProcHND, 0, @PBI, SizeOf(PBI), nil) is fail 988 
12.07.2018 16:31:59: Step 0: NtQueryInformationProcess(ProcHND, 0, @PBI, SizeOf(PBI), nil) is fail 988 
12.07.2018 16:31:59: Step 0: NtQueryInformationProcess(ProcHND, 0, @PBI, SizeOf(PBI), nil) is fail 988 
12.07.2018 16:31:59: Step 0: NtQueryInformationProcess(ProcHND, 0, @PBI, SizeOf(PBI), nil) is fail 988 
12.07.2018 16:31:59: Step 0: NtQueryInformationProcess(ProcHND, 0, @PBI, SizeOf(PBI), nil) is fail 988 
12.07.2018 16:31:59: Step 0: NtQueryInformationProcess(ProcHND, 0, @PBI, SizeOf(PBI), nil) is fail 988 
12.07.2018 16:31:59: Step 0: NtQueryInformationProcess(ProcHND, 0, @PBI, SizeOf(PBI), nil) is fail 988 
12.07.2018 16:31:59: Step 0: NtQueryInformationProcess(ProcHND, 0, @PBI, SizeOf(PBI), nil) is fail 988 
12.07.2018 16:31:59: Step 0: NtQueryInformationProcess(ProcHND, 0, @PBI, SizeOf(PBI), nil) is fail 988 
12.07.2018 16:31:59: Step 0: NtQueryInformationProcess(ProcHND, 0, @PBI, SizeOf(PBI), nil) is fail 988 
12.07.2018 16:31:59: Step 0: NtQueryInformationProcess(ProcHND, 0, @PBI, SizeOf(PBI), nil) is fail 988 
12.07.2018 16:31:59: Step 0: NtQueryInformationProcess(ProcHND, 0, @PBI, SizeOf(PBI), nil) is fail 988 
12.07.2018 16:31:59: Step 0: NtQueryInformationProcess(ProcHND, 0, @PBI, SizeOf(PBI), nil) is fail 988 
12.07.2018 16:31:59: Step 0: NtQueryInformationProcess(ProcHND, 0, @PBI, SizeOf(PBI), nil) is fail 988 
12.07.2018 16:31:59: Step 0: NtQueryInformationProcess(ProcHND, 0, @PBI, SizeOf(PBI), nil) is fail 988 
12.07.2018 16:31:59: Step 0: NtQueryInformationProcess(ProcHND, 0, @PBI, SizeOf(PBI), nil) is fail 988 
12.07.2018 16:31:59: Step 0: NtQueryInformationProcess(ProcHND, 0, @PBI, SizeOf(PBI), nil) is fail 988 
12.07.2018 16:31:59: Step 0: NtQueryInformationProcess(ProcHND, 0, @PBI, SizeOf(PBI), nil) is fail 988 
12.07.2018 16:31:59: Step 0: NtQueryInformationProcess(ProcHND, 0, @PBI, SizeOf(PBI), nil) is fail 988 
12.07.2018 16:31:59: Step 0: NtQueryInformationProcess(ProcHND, 0, @PBI, SizeOf(PBI), nil) is fail 988 
12.07.2018 16:31:59: Step 0: NtQueryInformationProcess(ProcHND, 0, @PBI, SizeOf(PBI), nil) is fail 988 
12.07.2018 16:31:59: Step 0: NtQueryInformationProcess(ProcHND, 0, @PBI, SizeOf(PBI), nil) is fail 988 
12.07.2018 16:31:59: Step 0: NtQueryInformationProcess(ProcHND, 0, @PBI, SizeOf(PBI), nil) is fail 988 
12.07.2018 16:31:59: Step 0: NtQueryInformationProcess(ProcHND, 0, @PBI, SizeOf(PBI), nil) is fail 988 
12.07.2018 16:31:59: Step 0: NtQueryInformationProcess(ProcHND, 0, @PBI, SizeOf(PBI), nil) is fail 988 
12.07.2018 16:31:59: Step 0: NtQueryInformationProcess(ProcHND, 0, @PBI, SizeOf(PBI), nil) is fail 988 
12.07.2018 16:31:59: Step 0: NtQueryInformationProcess(ProcHND, 0, @PBI, SizeOf(PBI), nil) is fail 988 
12.07.2018 16:31:59: Step 0: NtQueryInformationProcess(ProcHND, 0, @PBI, SizeOf(PBI), nil) is fail 988 
12.07.2018 16:31:59: Step 0: NtQueryInformationProcess(ProcHND, 0, @PBI, SizeOf(PBI), nil) is fail 988 
12.07.2018 16:31:59: Step 0: NtQueryInformationProcess(ProcHND, 0, @PBI, SizeOf(PBI), nil) is fail 988 
12.07.2018 16:31:59: Step 0: NtQueryInformationProcess(ProcHND, 0, @PBI, SizeOf(PBI), nil) is fail 988 
12.07.2018 16:31:59: Step 0: NtQueryInformationProcess(ProcHND, 0, @PBI, SizeOf(PBI), nil) is fail 988 
12.07.2018 16:31:59: Step 0: NtQueryInformationProcess(ProcHND, 0, @PBI, SizeOf(PBI), nil) is fail 988 
12.07.2018 16:32:00: Step 0: NtQueryInformationProcess(ProcHND, 0, @PBI, SizeOf(PBI), nil) is fail 988 
12.07.2018 16:32:00: Step 0: NtQueryInformationProcess(ProcHND, 0, @PBI, SizeOf(PBI), nil) is fail 988 
12.07.2018 16:32:00: Step 0: NtQueryInformationProcess(ProcHND, 0, @PBI, SizeOf(PBI), nil) is fail 988 
12.07.2018 16:32:00: Step 0: NtQueryInformationProcess(ProcHND, 0, @PBI, SizeOf(PBI), nil) is fail 988 
12.07.2018 16:32:00: Step 0: NtQueryInformationProcess(ProcHND, 0, @PBI, SizeOf(PBI), nil) is fail 988 
12.07.2018 16:32:00: Step 0: NtQueryInformationProcess(ProcHND, 0, @PBI, SizeOf(PBI), nil) is fail 988 
12.07.2018 16:32:00: Step 0: NtQueryInformationProcess(ProcHND, 0, @PBI, SizeOf(PBI), nil) is fail 988 
12.07.2018 16:32:00: Step 0: NtQueryInformationProcess(ProcHND, 0, @PBI, SizeOf(PBI), nil) is fail 988 
12.07.2018 16:32:00: Step 0: NtQueryInformationProcess(ProcHND, 0, @PBI, SizeOf(PBI), nil) is fail 988 
12.07.2018 16:32:00: Step 0: NtQueryInformationProcess(ProcHND, 0, @PBI, SizeOf(PBI), nil) is fail 988 
12.07.2018 16:32:00: Step 0: NtQueryInformationProcess(ProcHND, 0, @PBI, SizeOf(PBI), nil) is fail 988 
12.07.2018 16:32:00: Step 0: NtQueryInformationProcess(ProcHND, 0, @PBI, SizeOf(PBI), nil) is fail 988 
12.07.2018 16:32:00: Step 0: NtQueryInformationProcess(ProcHND, 0, @PBI, SizeOf(PBI), nil) is fail 988 
12.07.2018 16:32:00: Step 0: NtQueryInformationProcess(ProcHND, 0, @PBI, SizeOf(PBI), nil) is fail 988 
12.07.2018 16:32:00: Step 0: NtQueryInformationProcess(ProcHND, 0, @PBI, SizeOf(PBI), nil) is fail 988 
12.07.2018 16:32:00: Step 0: NtQueryInformationProcess(ProcHND, 0, @PBI, SizeOf(PBI), nil) is fail 988 
12.07.2018 16:32:00: Step 0: NtQueryInformationProcess(ProcHND, 0, @PBI, SizeOf(PBI), nil) is fail 988 
12.07.2018 16:32:00: Step 0: NtQueryInformationProcess(ProcHND, 0, @PBI, SizeOf(PBI), nil) is fail 988 
11.12.2018 15:04:21: Каталог пользователей C:\Users 
11.12.2018 15:04:27: mon init 
11.12.2018 15:04:56: Не смог открыть ключ: SOFTWARE\Microsoft\Windows\CurrentVersion\RunOnceEx Операция успешно завершена 
11.12.2018 15:04:56: Не смог открыть ключ: SOFTWARE\Microsoft\Windows\CurrentVersion\RunOnceEx Операция успешно завершена 
11.12.2018 15:04:56: Лишний файл в каталоге АЗ, пропущен C:\Users\Геннадий\AppData\Roaming\Microsoft\Windows\Start Menu\Programs\Startup\desktop.ini 18 
11.12.2018 15:04:56: Лишний файл в каталоге АЗ, пропущен C:\ProgramData\Microsoft\Windows\Start Menu\Programs\Startup\desktop.ini 18 
11.12.2018 15:05:03: Автозагрузка: Удаляется ключ реестра HKCU\SOFTWARE\Microsoft\Windows\CurrentVersion\Run\Mailbird 
11.12.2018 15:05:03: Ключ успешно удалён. 
11.12.2018 15:06:01: Каталог пользователей C:\Users 
11.12.2018 15:06:07: mon init 
11.12.2018 15:06:38: Каталог пользователей C:\Users 
11.12.2018 15:06:44: mon init 
11.12.2018 15:06:53: Не смог открыть ключ: SOFTWARE\Microsoft\Windows\CurrentVersion\RunOnceEx Пользователь остановил перечисление ресурсов 
11.12.2018 15:06:53: Не смог открыть ключ: SOFTWARE\Microsoft\Windows\CurrentVersion\RunOnceEx Операция успешно завершена 
11.12.2018 15:06:53: Лишний файл в каталоге АЗ, пропущен C:\Users\Геннадий\AppData\Roaming\Microsoft\Windows\Start Menu\Programs\Startup\desktop.ini 18 
11.12.2018 15:06:53: Лишний файл в каталоге АЗ, пропущен C:\ProgramData\Microsoft\Windows\Start Menu\Programs\Startup\desktop.ini 18 
11.12.2018 15:13:28: Каталог пользователей C:\Users 
11.12.2018 15:13:34: mon init 
14.03.2019 8:10:36: Каталог пользователей C:\Users 
14.03.2019 8:10:40: mon init 
14.03.2019 8:13:25: Каталог пользователей C:\Users 
14.03.2019 8:13:29: mon init 
14.03.2019 8:15:09: Каталог пользователей C:\Users 
14.03.2019 8:15:12: mon init 
14.03.2019 8:16:00: Каталог пользователей C:\Users 
14.03.2019 8:16:03: mon init 
14.03.2019 8:21:29: Каталог пользователей C:\Users 
14.03.2019 8:22:26: Каталог пользователей C:\Users 
14.03.2019 8:25:50: mon init 
14.03.2019 8:30:48: Каталог пользователей C:\Users 
14.03.2019 8:30:52: mon init 
14.03.2019 8:32:22: Каталог пользователей C:\Users 
14.03.2019 8:32:25: mon init 
14.03.2019 8:32:43: 0 
14.03.2019 8:32:43: 1 
14.03.2019 8:34:06: Не смог открыть ключ: SOFTWARE\Microsoft\Windows\CurrentVersion\RunOnceEx Операция успешно завершена 
14.03.2019 8:34:06: Не смог открыть ключ: SOFTWARE\Microsoft\Windows\CurrentVersion\RunOnceEx Операция успешно завершена 
14.03.2019 8:34:06: Лишний файл в каталоге АЗ, пропущен C:\Users\Геннадий\AppData\Roaming\Microsoft\Windows\Start Menu\Programs\Startup\desktop.ini 18 
14.03.2019 8:34:06: Лишний файл в каталоге АЗ, пропущен C:\ProgramData\Microsoft\Windows\Start Menu\Programs\Startup\desktop.ini 18 
14.03.2019 8:35:02: Step 0: NtQueryInformationProcess(ProcHND, 0, @PBI, SizeOf(PBI), nil) is fail 1192 
14.03.2019 8:35:02: Step 0: NtQueryInformationProcess(ProcHND, 0, @PBI, SizeOf(PBI), nil) is fail 1192 
14.03.2019 8:35:02: Step 0: NtQueryInformationProcess(ProcHND, 0, @PBI, SizeOf(PBI), nil) is fail 1192 
14.03.2019 8:35:02: Step 0: NtQueryInformationProcess(ProcHND, 0, @PBI, SizeOf(PBI), nil) is fail 1192 
14.03.2019 8:35:02: Step 0: NtQueryInformationProcess(ProcHND, 0, @PBI, SizeOf(PBI), nil) is fail 1192 
14.03.2019 8:35:02: Step 0: NtQueryInformationProcess(ProcHND, 0, @PBI, SizeOf(PBI), nil) is fail 1192 
14.03.2019 8:35:02: Step 0: NtQueryInformationProcess(ProcHND, 0, @PBI, SizeOf(PBI), nil) is fail 1192 
14.03.2019 8:35:02: Step 0: NtQueryInformationProcess(ProcHND, 0, @PBI, SizeOf(PBI), nil) is fail 1192 
14.03.2019 8:35:02: Step 0: NtQueryInformationProcess(ProcHND, 0, @PBI, SizeOf(PBI), nil) is fail 1192 
14.03.2019 8:35:02: Step 0: NtQueryInformationProcess(ProcHND, 0, @PBI, SizeOf(PBI), nil) is fail 1192 
14.03.2019 8:35:02: Step 0: NtQueryInformationProcess(ProcHND, 0, @PBI, SizeOf(PBI), nil) is fail 1192 
14.03.2019 8:35:02: Step 0: NtQueryInformationProcess(ProcHND, 0, @PBI, SizeOf(PBI), nil) is fail 1192 
14.03.2019 8:35:02: Step 0: NtQueryInformationProcess(ProcHND, 0, @PBI, SizeOf(PBI), nil) is fail 1192 
14.03.2019 8:35:02: Step 0: NtQueryInformationProcess(ProcHND, 0, @PBI, SizeOf(PBI), nil) is fail 1192 
14.03.2019 8:35:02: Step 0: NtQueryInformationProcess(ProcHND, 0, @PBI, SizeOf(PBI), nil) is fail 1192 
14.03.2019 8:35:02: Step 0: NtQueryInformationProcess(ProcHND, 0, @PBI, SizeOf(PBI), nil) is fail 1192 
14.03.2019 8:35:02: Step 0: NtQueryInformationProcess(ProcHND, 0, @PBI, SizeOf(PBI), nil) is fail 1192 
14.03.2019 8:35:02: Step 0: NtQueryInformationProcess(ProcHND, 0, @PBI, SizeOf(PBI), nil) is fail 1192 
14.03.2019 8:35:02: Step 0: NtQueryInformationProcess(ProcHND, 0, @PBI, SizeOf(PBI), nil) is fail 1192 
14.03.2019 8:35:02: Step 0: NtQueryInformationProcess(ProcHND, 0, @PBI, SizeOf(PBI), nil) is fail 1192 
14.03.2019 8:35:02: Step 0: NtQueryInformationProcess(ProcHND, 0, @PBI, SizeOf(PBI), nil) is fail 1192 
14.03.2019 8:35:02: Step 0: NtQueryInformationProcess(ProcHND, 0, @PBI, SizeOf(PBI), nil) is fail 1192 
14.03.2019 8:35:02: Step 0: NtQueryInformationProcess(ProcHND, 0, @PBI, SizeOf(PBI), nil) is fail 1192 
14.03.2019 8:35:02: Step 0: NtQueryInformationProcess(ProcHND, 0, @PBI, SizeOf(PBI), nil) is fail 1192 
14.03.2019 8:35:02: Step 0: NtQueryInformationProcess(ProcHND, 0, @PBI, SizeOf(PBI), nil) is fail 1192 
14.03.2019 8:35:02: Step 0: NtQueryInformationProcess(ProcHND, 0, @PBI, SizeOf(PBI), nil) is fail 1192 
14.03.2019 8:35:02: Step 0: NtQueryInformationProcess(ProcHND, 0, @PBI, SizeOf(PBI), nil) is fail 1192 
14.03.2019 8:35:02: Step 0: NtQueryInformationProcess(ProcHND, 0, @PBI, SizeOf(PBI), nil) is fail 1192 
14.03.2019 8:35:02: Step 0: NtQueryInformationProcess(ProcHND, 0, @PBI, SizeOf(PBI), nil) is fail 1192 
14.03.2019 8:35:02: Step 0: NtQueryInformationProcess(ProcHND, 0, @PBI, SizeOf(PBI), nil) is fail 1192 
14.03.2019 8:35:02: Step 0: NtQueryInformationProcess(ProcHND, 0, @PBI, SizeOf(PBI), nil) is fail 1192 
14.03.2019 8:35:02: Step 0: NtQueryInformationProcess(ProcHND, 0, @PBI, SizeOf(PBI), nil) is fail 1192 
14.03.2019 8:35:02: Step 0: NtQueryInformationProcess(ProcHND, 0, @PBI, SizeOf(PBI), nil) is fail 1192 
14.03.2019 8:35:02: Step 0: NtQueryInformationProcess(ProcHND, 0, @PBI, SizeOf(PBI), nil) is fail 1192 
14.03.2019 8:35:02: Step 0: NtQueryInformationProcess(ProcHND, 0, @PBI, SizeOf(PBI), nil) is fail 1192 
14.03.2019 8:35:02: Step 0: NtQueryInformationProcess(ProcHND, 0, @PBI, SizeOf(PBI), nil) is fail 1192 
14.03.2019 8:35:02: Step 0: NtQueryInformationProcess(ProcHND, 0, @PBI, SizeOf(PBI), nil) is fail 1192 
14.03.2019 8:35:02: Step 0: NtQueryInformationProcess(ProcHND, 0, @PBI, SizeOf(PBI), nil) is fail 1192 
14.03.2019 8:35:02: Step 0: NtQueryInformationProcess(ProcHND, 0, @PBI, SizeOf(PBI), nil) is fail 1192 
14.03.2019 8:35:02: Step 0: NtQueryInformationProcess(ProcHND, 0, @PBI, SizeOf(PBI), nil) is fail 1192 
14.03.2019 8:35:02: Step 0: NtQueryInformationProcess(ProcHND, 0, @PBI, SizeOf(PBI), nil) is fail 1192 
14.03.2019 8:35:02: Step 0: NtQueryInformationProcess(ProcHND, 0, @PBI, SizeOf(PBI), nil) is fail 1192 
14.03.2019 8:35:02: Step 0: NtQueryInformationProcess(ProcHND, 0, @PBI, SizeOf(PBI), nil) is fail 1192 
14.03.2019 8:35:02: Step 0: NtQueryInformationProcess(ProcHND, 0, @PBI, SizeOf(PBI), nil) is fail 1192 
14.03.2019 8:35:02: Step 0: NtQueryInformationProcess(ProcHND, 0, @PBI, SizeOf(PBI), nil) is fail 1192 
14.03.2019 8:35:02: Step 0: NtQueryInformationProcess(ProcHND, 0, @PBI, SizeOf(PBI), nil) is fail 1192 
14.03.2019 8:35:02: Step 0: NtQueryInformationProcess(ProcHND, 0, @PBI, SizeOf(PBI), nil) is fail 1192 
14.03.2019 8:35:02: Step 0: NtQueryInformationProcess(ProcHND, 0, @PBI, SizeOf(PBI), nil) is fail 1192 
14.03.2019 8:35:02: Step 0: NtQueryInformationProcess(ProcHND, 0, @PBI, SizeOf(PBI), nil) is fail 1192 
14.03.2019 8:35:02: Step 0: NtQueryInformationProcess(ProcHND, 0, @PBI, SizeOf(PBI), nil) is fail 1192 
14.03.2019 8:35:02: Step 0: NtQueryInformationProcess(ProcHND, 0, @PBI, SizeOf(PBI), nil) is fail 1192 
14.03.2019 8:35:02: Step 0: NtQueryInformationProcess(ProcHND, 0, @PBI, SizeOf(PBI), nil) is fail 1192 
14.03.2019 8:35:02: Step 0: NtQueryInformationProcess(ProcHND, 0, @PBI, SizeOf(PBI), nil) is fail 1192 
14.03.2019 8:35:02: Step 0: NtQueryInformationProcess(ProcHND, 0, @PBI, SizeOf(PBI), nil) is fail 1192 
14.03.2019 8:35:02: Step 0: NtQueryInformationProcess(ProcHND, 0, @PBI, SizeOf(PBI), nil) is fail 1192 
14.03.2019 8:35:02: Step 0: NtQueryInformationProcess(ProcHND, 0, @PBI, SizeOf(PBI), nil) is fail 1192 
14.03.2019 8:35:02: Step 0: NtQueryInformationProcess(ProcHND, 0, @PBI, SizeOf(PBI), nil) is fail 1192 
14.03.2019 8:35:02: Step 0: NtQueryInformationProcess(ProcHND, 0, @PBI, SizeOf(PBI), nil) is fail 1192 
14.03.2019 8:35:02: Step 0: NtQueryInformationProcess(ProcHND, 0, @PBI, SizeOf(PBI), nil) is fail 1192 
14.03.2019 8:35:02: Step 0: NtQueryInformationProcess(ProcHND, 0, @PBI, SizeOf(PBI), nil) is fail 1192 
14.03.2019 8:35:02: Step 0: NtQueryInformationProcess(ProcHND, 0, @PBI, SizeOf(PBI), nil) is fail 1192 
14.03.2019 8:35:02: Step 0: NtQueryInformationProcess(ProcHND, 0, @PBI, SizeOf(PBI), nil) is fail 1192 
14.03.2019 8:35:02: Step 0: NtQueryInformationProcess(ProcHND, 0, @PBI, SizeOf(PBI), nil) is fail 1192 
14.03.2019 8:35:02: Step 0: NtQueryInformationProcess(ProcHND, 0, @PBI, SizeOf(PBI), nil) is fail 1192 
14.03.2019 8:35:02: Step 0: NtQueryInformationProcess(ProcHND, 0, @PBI, SizeOf(PBI), nil) is fail 1192 
14.03.2019 8:35:02: Step 0: NtQueryInformationProcess(ProcHND, 0, @PBI, SizeOf(PBI), nil) is fail 1192 
14.03.2019 8:35:02: Step 0: NtQueryInformationProcess(ProcHND, 0, @PBI, SizeOf(PBI), nil) is fail 1192 
14.03.2019 8:35:02: Step 0: NtQueryInformationProcess(ProcHND, 0, @PBI, SizeOf(PBI), nil) is fail 1192 
14.03.2019 8:35:02: Step 0: NtQueryInformationProcess(ProcHND, 0, @PBI, SizeOf(PBI), nil) is fail 1192 
14.03.2019 8:35:02: Step 0: NtQueryInformationProcess(ProcHND, 0, @PBI, SizeOf(PBI), nil) is fail 1192 
14.03.2019 8:35:02: Step 0: NtQueryInformationProcess(ProcHND, 0, @PBI, SizeOf(PBI), nil) is fail 1192 
14.03.2019 8:35:02: Step 0: NtQueryInformationProcess(ProcHND, 0, @PBI, SizeOf(PBI), nil) is fail 1192 
14.03.2019 8:35:02: Step 0: NtQueryInformationProcess(ProcHND, 0, @PBI, SizeOf(PBI), nil) is fail 1192 
14.03.2019 8:35:02: Step 0: NtQueryInformationProcess(ProcHND, 0, @PBI, SizeOf(PBI), nil) is fail 1192 
14.03.2019 8:35:02: Step 0: NtQueryInformationProcess(ProcHND, 0, @PBI, SizeOf(PBI), nil) is fail 1192 
14.03.2019 8:35:02: Step 0: NtQueryInformationProcess(ProcHND, 0, @PBI, SizeOf(PBI), nil) is fail 1192 
14.03.2019 8:35:02: Step 0: NtQueryInformationProcess(ProcHND, 0, @PBI, SizeOf(PBI), nil) is fail 1192 
14.03.2019 8:35:02: Step 0: NtQueryInformationProcess(ProcHND, 0, @PBI, SizeOf(PBI), nil) is fail 1192 
14.03.2019 8:35:02: Step 0: NtQueryInformationProcess(ProcHND, 0, @PBI, SizeOf(PBI), nil) is fail 1192 
14.03.2019 8:35:02: Step 0: NtQueryInformationProcess(ProcHND, 0, @PBI, SizeOf(PBI), nil) is fail 1192 
14.03.2019 8:35:02: Step 0: NtQueryInformationProcess(ProcHND, 0, @PBI, SizeOf(PBI), nil) is fail 1192 
14.03.2019 8:35:02: Step 0: NtQueryInformationProcess(ProcHND, 0, @PBI, SizeOf(PBI), nil) is fail 1192 
14.03.2019 8:35:02: Step 0: NtQueryInformationProcess(ProcHND, 0, @PBI, SizeOf(PBI), nil) is fail 1192 
14.03.2019 8:35:02: Step 0: NtQueryInformationProcess(ProcHND, 0, @PBI, SizeOf(PBI), nil) is fail 1192 
14.03.2019 8:35:02: Step 0: NtQueryInformationProcess(ProcHND, 0, @PBI, SizeOf(PBI), nil) is fail 1192 
14.03.2019 8:35:02: Step 0: NtQueryInformationProcess(ProcHND, 0, @PBI, SizeOf(PBI), nil) is fail 1192 
14.03.2019 8:35:02: Step 0: NtQueryInformationProcess(ProcHND, 0, @PBI, SizeOf(PBI), nil) is fail 1192 
14.03.2019 8:35:02: Step 0: NtQueryInformationProcess(ProcHND, 0, @PBI, SizeOf(PBI), nil) is fail 1192 
14.03.2019 8:35:02: Step 0: NtQueryInformationProcess(ProcHND, 0, @PBI, SizeOf(PBI), nil) is fail 1192 
14.03.2019 8:35:02: Step 0: NtQueryInformationProcess(ProcHND, 0, @PBI, SizeOf(PBI), nil) is fail 1192 
14.03.2019 8:35:02: Step 0: NtQueryInformationProcess(ProcHND, 0, @PBI, SizeOf(PBI), nil) is fail 1192 
14.03.2019 8:35:02: Step 0: NtQueryInformationProcess(ProcHND, 0, @PBI, SizeOf(PBI), nil) is fail 1192 
14.03.2019 8:35:02: Step 0: NtQueryInformationProcess(ProcHND, 0, @PBI, SizeOf(PBI), nil) is fail 1192 
14.03.2019 8:35:02: Step 0: NtQueryInformationProcess(ProcHND, 0, @PBI, SizeOf(PBI), nil) is fail 1192 
14.03.2019 8:35:02: Step 0: NtQueryInformationProcess(ProcHND, 0, @PBI, SizeOf(PBI), nil) is fail 1192 
14.03.2019 8:35:02: Step 0: NtQueryInformationProcess(ProcHND, 0, @PBI, SizeOf(PBI), nil) is fail 1192 
14.03.2019 8:35:02: Step 0: NtQueryInformationProcess(ProcHND, 0, @PBI, SizeOf(PBI), nil) is fail 1192 
14.03.2019 8:35:02: Step 0: NtQueryInformationProcess(ProcHND, 0, @PBI, SizeOf(PBI), nil) is fail 1192 
14.03.2019 8:35:02: Step 0: NtQueryInformationProcess(ProcHND, 0, @PBI, SizeOf(PBI), nil) is fail 1192 
14.03.2019 8:35:02: Step 0: NtQueryInformationProcess(ProcHND, 0, @PBI, SizeOf(PBI), nil) is fail 1192 
14.03.2019 8:35:02: Step 0: NtQueryInformationProcess(ProcHND, 0, @PBI, SizeOf(PBI), nil) is fail 1192 
14.03.2019 8:35:02: Step 0: NtQueryInformationProcess(ProcHND, 0, @PBI, SizeOf(PBI), nil) is fail 1192 
14.03.2019 8:35:02: Step 0: NtQueryInformationProcess(ProcHND, 0, @PBI, SizeOf(PBI), nil) is fail 1192 
14.03.2019 8:35:02: Step 0: NtQueryInformationProcess(ProcHND, 0, @PBI, SizeOf(PBI), nil) is fail 1192 
14.03.2019 8:35:02: Step 0: NtQueryInformationProcess(ProcHND, 0, @PBI, SizeOf(PBI), nil) is fail 1192 
14.03.2019 8:35:02: Step 0: NtQueryInformationProcess(ProcHND, 0, @PBI, SizeOf(PBI), nil) is fail 1192 
14.03.2019 8:35:03: Step 0: NtQueryInformationProcess(ProcHND, 0, @PBI, SizeOf(PBI), nil) is fail 1192 
14.03.2019 8:35:03: Step 0: NtQueryInformationProcess(ProcHND, 0, @PBI, SizeOf(PBI), nil) is fail 1192 
14.03.2019 8:35:03: Step 0: NtQueryInformationProcess(ProcHND, 0, @PBI, SizeOf(PBI), nil) is fail 1192 
14.03.2019 8:35:03: Step 0: NtQueryInformationProcess(ProcHND, 0, @PBI, SizeOf(PBI), nil) is fail 1192 
14.03.2019 8:35:03: Step 0: NtQueryInformationProcess(ProcHND, 0, @PBI, SizeOf(PBI), nil) is fail 1192 
14.03.2019 8:35:03: Step 0: NtQueryInformationProcess(ProcHND, 0, @PBI, SizeOf(PBI), nil) is fail 1192 
14.03.2019 8:35:03: Step 0: NtQueryInformationProcess(ProcHND, 0, @PBI, SizeOf(PBI), nil) is fail 1192 
14.03.2019 8:35:03: Step 0: NtQueryInformationProcess(ProcHND, 0, @PBI, SizeOf(PBI), nil) is fail 1192 
14.03.2019 8:35:03: Step 0: NtQueryInformationProcess(ProcHND, 0, @PBI, SizeOf(PBI), nil) is fail 1192 
14.03.2019 8:35:03: Step 0: NtQueryInformationProcess(ProcHND, 0, @PBI, SizeOf(PBI), nil) is fail 1192 
14.03.2019 8:35:03: Step 0: NtQueryInformationProcess(ProcHND, 0, @PBI, SizeOf(PBI), nil) is fail 1192 
14.03.2019 8:35:03: Step 0: NtQueryInformationProcess(ProcHND, 0, @PBI, SizeOf(PBI), nil) is fail 1192 
14.03.2019 8:35:03: Step 0: NtQueryInformationProcess(ProcHND, 0, @PBI, SizeOf(PBI), nil) is fail 1192 
14.03.2019 8:35:03: Step 0: NtQueryInformationProcess(ProcHND, 0, @PBI, SizeOf(PBI), nil) is fail 1192 
14.03.2019 8:35:03: Step 0: NtQueryInformationProcess(ProcHND, 0, @PBI, SizeOf(PBI), nil) is fail 1192 
14.03.2019 8:35:03: Step 0: NtQueryInformationProcess(ProcHND, 0, @PBI, SizeOf(PBI), nil) is fail 1192 
14.03.2019 8:35:03: Step 0: NtQueryInformationProcess(ProcHND, 0, @PBI, SizeOf(PBI), nil) is fail 1192 
14.03.2019 8:35:03: Step 0: NtQueryInformationProcess(ProcHND, 0, @PBI, SizeOf(PBI), nil) is fail 1192 
14.03.2019 8:35:03: Step 0: NtQueryInformationProcess(ProcHND, 0, @PBI, SizeOf(PBI), nil) is fail 1188 
14.03.2019 8:35:03: Step 0: NtQueryInformationProcess(ProcHND, 0, @PBI, SizeOf(PBI), nil) is fail 1188 
14.03.2019 8:35:03: Step 0: NtQueryInformationProcess(ProcHND, 0, @PBI, SizeOf(PBI), nil) is fail 1188 
14.03.2019 8:35:03: Step 0: NtQueryInformationProcess(ProcHND, 0, @PBI, SizeOf(PBI), nil) is fail 1188 
14.03.2019 8:36:22: Каталог пользователей C:\Users 
14.03.2019 8:36:26: mon init 
14.03.2019 12:31:54: Каталог пользователей C:\Users 
14.03.2019 12:32:36: Каталог пользователей C:\Users 
14.03.2019 12:33:03: Каталог пользователей C:\Users 
14.03.2019 12:33:06: mon init 
14.03.2019 12:33:27: Каталог пользователей C:\Users 
14.03.2019 12:33:30: mon init 
14.03.2019 12:36:17: Каталог пользователей C:\Users 
14.03.2019 12:36:21: mon init 
14.03.2019 12:36:43: Каталог пользователей C:\Users 
14.03.2019 12:36:47: mon init 
14.03.2019 12:37:07: Каталог пользователей C:\Users 
14.03.2019 12:37:11: mon init 
14.03.2019 12:37:29: Каталог пользователей C:\Users 
14.03.2019 12:37:33: mon init 
14.03.2019 12:41:14: Каталог пользователей C:\Users 
14.03.2019 12:41:49: mon init 
14.03.2019 12:42:32: Каталог пользователей C:\Users 
14.03.2019 12:42:35: mon init 
14.03.2019 12:44:37: Каталог пользователей C:\Users 
14.03.2019 12:44:41: mon init 
14.03.2019 12:44:51: Каталог пользователей C:\Users 
14.03.2019 12:44:55: mon init 
14.03.2019 12:45:27: Каталог пользователей C:\Users 
14.03.2019 12:45:31: mon init 
14.03.2019 12:45:56: Каталог пользователей C:\Users 
14.03.2019 12:45:59: mon init 
14.03.2019 12:46:25: Каталог пользователей C:\Users 
14.03.2019 12:46:28: mon init 
14.03.2019 12:46:43: Каталог пользователей C:\Users 
14.03.2019 12:46:47: mon init 
14.03.2019 12:46:58: Каталог пользователей C:\Users 
14.03.2019 12:47:01: mon init 
14.03.2019 12:49:30: Каталог пользователей C:\Users 
14.03.2019 12:49:34: mon init 
14.03.2019 12:49:56: Не могу получить информацию о хосте: 110.249.212.46 Запрошенное имя верно, но данные запрошенного типа не найдены 
14.03.2019 12:50:07: Не могу получить информацию о хосте: 104.16.60.37 Запрошенное имя верно, но данные запрошенного типа не найдены 
14.03.2019 12:50:12: Не могу получить информацию о хосте: 40.90.190.179 Запрошенное имя верно, но данные запрошенного типа не найдены 
14.03.2019 13:17:28: Каталог пользователей C:\Users 
14.03.2019 13:17:32: mon init 
14.03.2019 13:17:41: Не смог открыть ключ: SOFTWARE\Microsoft\Windows\CurrentVersion\RunOnceEx Операция успешно завершена 
14.03.2019 13:17:41: Не смог открыть ключ: SOFTWARE\Microsoft\Windows\CurrentVersion\RunOnceEx Операция успешно завершена 
14.03.2019 13:17:41: Лишний файл в каталоге АЗ, пропущен C:\Users\Геннадий\AppData\Roaming\Microsoft\Windows\Start Menu\Programs\Startup\desktop.ini 18 
14.03.2019 13:17:41: Лишний файл в каталоге АЗ, пропущен C:\ProgramData\Microsoft\Windows\Start Menu\Programs\Startup\desktop.ini 18 
14.03.2019 15:29:01: Каталог пользователей C:\Users 
14.03.2019 15:29:05: mon init 
14.03.2019 15:41:26: Каталог пользователей C:\Users 
14.03.2019 15:41:30: mon init 
14.03.2019 15:41:50: Каталог пользователей C:\Users 
14.03.2019 15:41:53: mon init 
14.03.2019 15:42:01: Не смог открыть ключ: SOFTWARE\Microsoft\Windows\CurrentVersion\RunOnceEx Операция успешно завершена 
14.03.2019 15:42:01: Не смог открыть ключ: SOFTWARE\Microsoft\Windows\CurrentVersion\RunOnceEx Операция успешно завершена 
14.03.2019 15:42:01: Лишний файл в каталоге АЗ, пропущен C:\Users\Геннадий\AppData\Roaming\Microsoft\Windows\Start Menu\Programs\Startup\desktop.ini 18 
14.03.2019 15:42:01: Лишний файл в каталоге АЗ, пропущен C:\ProgramData\Microsoft\Windows\Start Menu\Programs\Startup\desktop.ini 18 
14.03.2019 15:42:43: C:\Users\404_unturned.hemulgm.ru\Local Settings\Temporary Internet Files\ 
14.03.2019 15:42:43: C:\Users\404_unturned.hemulgm.ru\Local Settings\Microsoft\Feeds Cache\ 
14.03.2019 15:42:43: C:\Users\404_unturned.hemulgm.ru\Local Settings\Microsoft\Internet Explorer\Recovery\High\Last Active 
14.03.2019 15:42:43: C:\Users\404_unturned.hemulgm.ru\AppData\Local\Microsoft\Windows\Temporary Internet Files\ 
14.03.2019 15:42:43: C:\Users\404_unturned.hemulgm.ru\AppData\Local\Microsoft\Feeds Cache\ 
14.03.2019 15:42:43: C:\Users\404_unturned.hemulgm.ru\AppData\Local\Microsoft\Internet Explorer\Recovery\High\Last Active 
14.03.2019 15:42:43: C:\Users\404_unturned.hemulgm.ru\AppData\Roaming\Microsoft\Windows\Cookies\ 
14.03.2019 15:42:43: C:\Users\All Users\Local Settings\Temporary Internet Files\ 
14.03.2019 15:42:43: C:\Users\All Users\Local Settings\Microsoft\Feeds Cache\ 
14.03.2019 15:42:43: C:\Users\All Users\Local Settings\Microsoft\Internet Explorer\Recovery\High\Last Active 
14.03.2019 15:42:43: C:\Users\All Users\AppData\Local\Microsoft\Windows\Temporary Internet Files\ 
14.03.2019 15:42:43: C:\Users\All Users\AppData\Local\Microsoft\Feeds Cache\ 
14.03.2019 15:42:43: C:\Users\All Users\AppData\Local\Microsoft\Internet Explorer\Recovery\High\Last Active 
14.03.2019 15:42:43: C:\Users\All Users\AppData\Roaming\Microsoft\Windows\Cookies\ 
14.03.2019 15:42:43: C:\Users\Default\Local Settings\Temporary Internet Files\ 
14.03.2019 15:42:43: C:\Users\Default\Local Settings\Microsoft\Feeds Cache\ 
14.03.2019 15:42:43: C:\Users\Default\Local Settings\Microsoft\Internet Explorer\Recovery\High\Last Active 
14.03.2019 15:42:43: C:\Users\Default\AppData\Local\Microsoft\Windows\Temporary Internet Files\ 
14.03.2019 15:42:43: C:\Users\Default\AppData\Local\Microsoft\Feeds Cache\ 
14.03.2019 15:42:43: C:\Users\Default\AppData\Local\Microsoft\Internet Explorer\Recovery\High\Last Active 
14.03.2019 15:42:43: C:\Users\Default\AppData\Roaming\Microsoft\Windows\Cookies\ 
14.03.2019 15:42:43: C:\Users\Default User\Local Settings\Temporary Internet Files\ 
14.03.2019 15:42:43: C:\Users\Default User\Local Settings\Microsoft\Feeds Cache\ 
14.03.2019 15:42:43: C:\Users\Default User\Local Settings\Microsoft\Internet Explorer\Recovery\High\Last Active 
14.03.2019 15:42:43: C:\Users\Default User\AppData\Local\Microsoft\Windows\Temporary Internet Files\ 
14.03.2019 15:42:43: C:\Users\Default User\AppData\Local\Microsoft\Feeds Cache\ 
14.03.2019 15:42:43: C:\Users\Default User\AppData\Local\Microsoft\Internet Explorer\Recovery\High\Last Active 
14.03.2019 15:42:43: C:\Users\Default User\AppData\Roaming\Microsoft\Windows\Cookies\ 
14.03.2019 15:42:43: C:\Users\DefaultAppPool\Local Settings\Temporary Internet Files\ 
14.03.2019 15:42:43: C:\Users\DefaultAppPool\Local Settings\Microsoft\Feeds Cache\ 
14.03.2019 15:42:43: C:\Users\DefaultAppPool\Local Settings\Microsoft\Internet Explorer\Recovery\High\Last Active 
14.03.2019 15:42:43: C:\Users\DefaultAppPool\AppData\Local\Microsoft\Windows\Temporary Internet Files\ 
14.03.2019 15:42:43: C:\Users\DefaultAppPool\AppData\Local\Microsoft\Feeds Cache\ 
14.03.2019 15:42:43: C:\Users\DefaultAppPool\AppData\Local\Microsoft\Internet Explorer\Recovery\High\Last Active 
14.03.2019 15:42:43: C:\Users\DefaultAppPool\AppData\Roaming\Microsoft\Windows\Cookies\ 
14.03.2019 15:42:43: C:\Users\DelphiLive\Local Settings\Temporary Internet Files\ 
14.03.2019 15:42:43: C:\Users\DelphiLive\Local Settings\Microsoft\Feeds Cache\ 
14.03.2019 15:42:43: C:\Users\DelphiLive\Local Settings\Microsoft\Internet Explorer\Recovery\High\Last Active 
14.03.2019 15:42:43: C:\Users\DelphiLive\AppData\Local\Microsoft\Windows\Temporary Internet Files\ 
14.03.2019 15:42:43: C:\Users\DelphiLive\AppData\Local\Microsoft\Feeds Cache\ 
14.03.2019 15:42:43: C:\Users\DelphiLive\AppData\Local\Microsoft\Internet Explorer\Recovery\High\Last Active 
14.03.2019 15:42:43: C:\Users\DelphiLive\AppData\Roaming\Microsoft\Windows\Cookies\ 
14.03.2019 15:42:43: C:\Users\GLCache\Local Settings\Temporary Internet Files\ 
14.03.2019 15:42:43: C:\Users\GLCache\Local Settings\Microsoft\Feeds Cache\ 
14.03.2019 15:42:43: C:\Users\GLCache\Local Settings\Microsoft\Internet Explorer\Recovery\High\Last Active 
14.03.2019 15:42:43: C:\Users\GLCache\AppData\Local\Microsoft\Windows\Temporary Internet Files\ 
14.03.2019 15:42:43: C:\Users\GLCache\AppData\Local\Microsoft\Feeds Cache\ 
14.03.2019 15:42:43: C:\Users\GLCache\AppData\Local\Microsoft\Internet Explorer\Recovery\High\Last Active 
14.03.2019 15:42:43: C:\Users\GLCache\AppData\Roaming\Microsoft\Windows\Cookies\ 
14.03.2019 15:42:43: C:\Users\hemulgm\Local Settings\Temporary Internet Files\ 
14.03.2019 15:42:43: C:\Users\hemulgm\Local Settings\Microsoft\Feeds Cache\ 
14.03.2019 15:42:43: C:\Users\hemulgm\Local Settings\Microsoft\Internet Explorer\Recovery\High\Last Active 
14.03.2019 15:42:43: C:\Users\hemulgm\AppData\Local\Microsoft\Windows\Temporary Internet Files\ 
14.03.2019 15:42:43: C:\Users\hemulgm\AppData\Local\Microsoft\Feeds Cache\ 
14.03.2019 15:42:43: C:\Users\hemulgm\AppData\Local\Microsoft\Internet Explorer\Recovery\High\Last Active 
14.03.2019 15:42:43: C:\Users\hemulgm\AppData\Roaming\Microsoft\Windows\Cookies\ 
14.03.2019 15:42:44: C:\Users\HemulGM.ru3\Local Settings\Temporary Internet Files\ 
14.03.2019 15:42:44: C:\Users\HemulGM.ru3\Local Settings\Microsoft\Feeds Cache\ 
14.03.2019 15:42:44: C:\Users\HemulGM.ru3\Local Settings\Microsoft\Internet Explorer\Recovery\High\Last Active 
14.03.2019 15:42:44: C:\Users\HemulGM.ru3\AppData\Local\Microsoft\Windows\Temporary Internet Files\ 
14.03.2019 15:42:44: C:\Users\HemulGM.ru3\AppData\Local\Microsoft\Feeds Cache\ 
14.03.2019 15:42:44: C:\Users\HemulGM.ru3\AppData\Local\Microsoft\Internet Explorer\Recovery\High\Last Active 
14.03.2019 15:42:44: C:\Users\HemulGM.ru3\AppData\Roaming\Microsoft\Windows\Cookies\ 
14.03.2019 15:42:44: C:\Users\Public\Local Settings\Temporary Internet Files\ 
14.03.2019 15:42:45: C:\Users\Public\Local Settings\Microsoft\Feeds Cache\ 
14.03.2019 15:42:45: C:\Users\Public\Local Settings\Microsoft\Internet Explorer\Recovery\High\Last Active 
14.03.2019 15:42:45: C:\Users\Public\AppData\Local\Microsoft\Windows\Temporary Internet Files\ 
14.03.2019 15:42:45: C:\Users\Public\AppData\Local\Microsoft\Feeds Cache\ 
14.03.2019 15:42:45: C:\Users\Public\AppData\Local\Microsoft\Internet Explorer\Recovery\High\Last Active 
14.03.2019 15:42:45: C:\Users\Public\AppData\Roaming\Microsoft\Windows\Cookies\ 
14.03.2019 15:42:45: C:\Users\Unturned Сервер\Local Settings\Temporary Internet Files\ 
14.03.2019 15:42:45: C:\Users\Unturned Сервер\Local Settings\Microsoft\Feeds Cache\ 
14.03.2019 15:42:45: C:\Users\Unturned Сервер\Local Settings\Microsoft\Internet Explorer\Recovery\High\Last Active 
14.03.2019 15:42:45: C:\Users\Unturned Сервер\AppData\Local\Microsoft\Windows\Temporary Internet Files\ 
14.03.2019 15:42:45: C:\Users\Unturned Сервер\AppData\Local\Microsoft\Feeds Cache\ 
14.03.2019 15:42:45: C:\Users\Unturned Сервер\AppData\Local\Microsoft\Internet Explorer\Recovery\High\Last Active 
14.03.2019 15:42:45: C:\Users\Unturned Сервер\AppData\Roaming\Microsoft\Windows\Cookies\ 
14.03.2019 15:42:45: C:\Users\???µ?????°??????\Local Settings\Temporary Internet Files\ 
14.03.2019 15:42:45: C:\Users\???µ?????°??????\Local Settings\Microsoft\Feeds Cache\ 
14.03.2019 15:42:45: C:\Users\???µ?????°??????\Local Settings\Microsoft\Internet Explorer\Recovery\High\Last Active 
14.03.2019 15:42:45: C:\Users\???µ?????°??????\AppData\Local\Microsoft\Windows\Temporary Internet Files\ 
14.03.2019 15:42:45: C:\Users\???µ?????°??????\AppData\Local\Microsoft\Feeds Cache\ 
14.03.2019 15:42:45: C:\Users\???µ?????°??????\AppData\Local\Microsoft\Internet Explorer\Recovery\High\Last Active 
14.03.2019 15:42:45: C:\Users\???µ?????°??????\AppData\Roaming\Microsoft\Windows\Cookies\ 
14.03.2019 15:42:45: C:\Users\ѓҐ­­ ¤Ё©\Local Settings\Temporary Internet Files\ 
14.03.2019 15:42:45: C:\Users\ѓҐ­­ ¤Ё©\Local Settings\Microsoft\Feeds Cache\ 
14.03.2019 15:42:45: C:\Users\ѓҐ­­ ¤Ё©\Local Settings\Microsoft\Internet Explorer\Recovery\High\Last Active 
14.03.2019 15:42:45: C:\Users\ѓҐ­­ ¤Ё©\AppData\Local\Microsoft\Windows\Temporary Internet Files\ 
14.03.2019 15:42:45: C:\Users\ѓҐ­­ ¤Ё©\AppData\Local\Microsoft\Feeds Cache\ 
14.03.2019 15:42:45: C:\Users\ѓҐ­­ ¤Ё©\AppData\Local\Microsoft\Internet Explorer\Recovery\High\Last Active 
14.03.2019 15:42:45: C:\Users\ѓҐ­­ ¤Ё©\AppData\Roaming\Microsoft\Windows\Cookies\ 
14.03.2019 15:42:45: C:\Users\Все пользователи\Local Settings\Temporary Internet Files\ 
14.03.2019 15:42:45: C:\Users\Все пользователи\Local Settings\Microsoft\Feeds Cache\ 
14.03.2019 15:42:45: C:\Users\Все пользователи\Local Settings\Microsoft\Internet Explorer\Recovery\High\Last Active 
14.03.2019 15:42:45: C:\Users\Все пользователи\AppData\Local\Microsoft\Windows\Temporary Internet Files\ 
14.03.2019 15:42:45: C:\Users\Все пользователи\AppData\Local\Microsoft\Feeds Cache\ 
14.03.2019 15:42:45: C:\Users\Все пользователи\AppData\Local\Microsoft\Internet Explorer\Recovery\High\Last Active 
14.03.2019 15:42:45: C:\Users\Все пользователи\AppData\Roaming\Microsoft\Windows\Cookies\ 
14.03.2019 15:42:45: C:\Users\Геннадий\Local Settings\Temporary Internet Files\ 
14.03.2019 15:42:45: C:\Users\Геннадий\Local Settings\Microsoft\Feeds Cache\ 
14.03.2019 15:42:45: C:\Users\Геннадий\Local Settings\Microsoft\Internet Explorer\Recovery\High\Last Active 
14.03.2019 15:42:45: C:\Users\Геннадий\AppData\Local\Microsoft\Windows\Temporary Internet Files\ 
14.03.2019 15:42:45: C:\Users\Геннадий\AppData\Local\Microsoft\Feeds Cache\ 
14.03.2019 15:42:45: C:\Users\Геннадий\AppData\Local\Microsoft\Internet Explorer\Recovery\High\Last Active 
14.03.2019 15:42:45: C:\Users\Геннадий\AppData\Roaming\Microsoft\Windows\Cookies\ 
14.03.2019 15:42:58: C:\Users\Р“РµРЅРЅР°РґРёР№\Local Settings\Temporary Internet Files\ 
14.03.2019 15:42:58: C:\Users\Р“РµРЅРЅР°РґРёР№\Local Settings\Microsoft\Feeds Cache\ 
14.03.2019 15:42:58: C:\Users\Р“РµРЅРЅР°РґРёР№\Local Settings\Microsoft\Internet Explorer\Recovery\High\Last Active 
14.03.2019 15:42:58: C:\Users\Р“РµРЅРЅР°РґРёР№\AppData\Local\Microsoft\Windows\Temporary Internet Files\ 
14.03.2019 15:42:58: C:\Users\Р“РµРЅРЅР°РґРёР№\AppData\Local\Microsoft\Feeds Cache\ 
14.03.2019 15:42:58: C:\Users\Р“РµРЅРЅР°РґРёР№\AppData\Local\Microsoft\Internet Explorer\Recovery\High\Last Active 
14.03.2019 15:42:58: C:\Users\Р“РµРЅРЅР°РґРёР№\AppData\Roaming\Microsoft\Windows\Cookies\ 
14.03.2019 15:42:58: C:\Users\С“ТђВ­В­В В¤РЃВ©\Local Settings\Temporary Internet Files\ 
14.03.2019 15:42:58: C:\Users\С“ТђВ­В­В В¤РЃВ©\Local Settings\Microsoft\Feeds Cache\ 
14.03.2019 15:42:58: C:\Users\С“ТђВ­В­В В¤РЃВ©\Local Settings\Microsoft\Internet Explorer\Recovery\High\Last Active 
14.03.2019 15:42:58: C:\Users\С“ТђВ­В­В В¤РЃВ©\AppData\Local\Microsoft\Windows\Temporary Internet Files\ 
14.03.2019 15:42:58: C:\Users\С“ТђВ­В­В В¤РЃВ©\AppData\Local\Microsoft\Feeds Cache\ 
14.03.2019 15:42:58: C:\Users\С“ТђВ­В­В В¤РЃВ©\AppData\Local\Microsoft\Internet Explorer\Recovery\High\Last Active 
14.03.2019 15:42:58: C:\Users\С“ТђВ­В­В В¤РЃВ©\AppData\Roaming\Microsoft\Windows\Cookies\ 
14.03.2019 15:42:58: C:\Windows\system32\config\systemprofile\Local Settings\Temporary Internet Files\ 
14.03.2019 15:42:58: C:\Windows\system32\config\systemprofile\Local Settings\Microsoft\Feeds Cache\ 
14.03.2019 15:42:58: C:\Windows\system32\config\systemprofile\Local Settings\Microsoft\Internet Explorer\Recovery\High\Last Active 
14.03.2019 15:42:58: C:\Windows\system32\config\systemprofile\AppData\Local\Microsoft\Windows\Temporary Internet Files\ 
14.03.2019 15:42:58: C:\Windows\system32\config\systemprofile\AppData\Local\Microsoft\Feeds Cache\ 
14.03.2019 15:42:58: C:\Windows\system32\config\systemprofile\AppData\Local\Microsoft\Internet Explorer\Recovery\High\Last Active 
14.03.2019 15:42:58: C:\Windows\system32\config\systemprofile\AppData\Roaming\Microsoft\Windows\Cookies\ 
14.03.2019 15:42:59: C:\Windows\ServiceProfiles\LocalService\Local Settings\Temporary Internet Files\ 
14.03.2019 15:42:59: C:\Windows\ServiceProfiles\LocalService\Local Settings\Microsoft\Feeds Cache\ 
14.03.2019 15:42:59: C:\Windows\ServiceProfiles\LocalService\Local Settings\Microsoft\Internet Explorer\Recovery\High\Last Active 
14.03.2019 15:42:59: C:\Windows\ServiceProfiles\LocalService\AppData\Local\Microsoft\Windows\Temporary Internet Files\ 
14.03.2019 15:42:59: C:\Windows\ServiceProfiles\LocalService\AppData\Local\Microsoft\Feeds Cache\ 
14.03.2019 15:42:59: C:\Windows\ServiceProfiles\LocalService\AppData\Local\Microsoft\Internet Explorer\Recovery\High\Last Active 
14.03.2019 15:42:59: C:\Windows\ServiceProfiles\LocalService\AppData\Roaming\Microsoft\Windows\Cookies\ 
14.03.2019 15:42:59: C:\Windows\ServiceProfiles\NetworkService\Local Settings\Temporary Internet Files\ 
14.03.2019 15:42:59: C:\Windows\ServiceProfiles\NetworkService\Local Settings\Microsoft\Feeds Cache\ 
14.03.2019 15:42:59: C:\Windows\ServiceProfiles\NetworkService\Local Settings\Microsoft\Internet Explorer\Recovery\High\Last Active 
14.03.2019 15:42:59: C:\Windows\ServiceProfiles\NetworkService\AppData\Local\Microsoft\Windows\Temporary Internet Files\ 
14.03.2019 15:42:59: C:\Windows\ServiceProfiles\NetworkService\AppData\Local\Microsoft\Feeds Cache\ 
14.03.2019 15:42:59: C:\Windows\ServiceProfiles\NetworkService\AppData\Local\Microsoft\Internet Explorer\Recovery\High\Last Active 
14.03.2019 15:42:59: C:\Windows\ServiceProfiles\NetworkService\AppData\Roaming\Microsoft\Windows\Cookies\ 
14.03.2019 15:42:59: C:\Users\QWE\Local Settings\Temporary Internet Files\ 
14.03.2019 15:42:59: C:\Users\QWE\Local Settings\Microsoft\Feeds Cache\ 
14.03.2019 15:42:59: C:\Users\QWE\Local Settings\Microsoft\Internet Explorer\Recovery\High\Last Active 
14.03.2019 15:42:59: C:\Users\QWE\AppData\Local\Microsoft\Windows\Temporary Internet Files\ 
14.03.2019 15:42:59: C:\Users\QWE\AppData\Local\Microsoft\Feeds Cache\ 
14.03.2019 15:42:59: C:\Users\QWE\AppData\Local\Microsoft\Internet Explorer\Recovery\High\Last Active 
14.03.2019 15:42:59: C:\Users\QWE\AppData\Roaming\Microsoft\Windows\Cookies\ 
14.03.2019 15:42:59: C:\Users\tmpuser\Local Settings\Temporary Internet Files\ 
14.03.2019 15:42:59: C:\Users\tmpuser\Local Settings\Microsoft\Feeds Cache\ 
14.03.2019 15:42:59: C:\Users\tmpuser\Local Settings\Microsoft\Internet Explorer\Recovery\High\Last Active 
14.03.2019 15:42:59: C:\Users\tmpuser\AppData\Local\Microsoft\Windows\Temporary Internet Files\ 
14.03.2019 15:42:59: C:\Users\tmpuser\AppData\Local\Microsoft\Feeds Cache\ 
14.03.2019 15:42:59: C:\Users\tmpuser\AppData\Local\Microsoft\Internet Explorer\Recovery\High\Last Active 
14.03.2019 15:42:59: C:\Users\tmpuser\AppData\Roaming\Microsoft\Windows\Cookies\ 
14.03.2019 15:42:59: C:\Users\Guest1\Local Settings\Temporary Internet Files\ 
14.03.2019 15:42:59: C:\Users\Guest1\Local Settings\Microsoft\Feeds Cache\ 
14.03.2019 15:42:59: C:\Users\Guest1\Local Settings\Microsoft\Internet Explorer\Recovery\High\Last Active 
14.03.2019 15:42:59: C:\Users\Guest1\AppData\Local\Microsoft\Windows\Temporary Internet Files\ 
14.03.2019 15:42:59: C:\Users\Guest1\AppData\Local\Microsoft\Feeds Cache\ 
14.03.2019 15:42:59: C:\Users\Guest1\AppData\Local\Microsoft\Internet Explorer\Recovery\High\Last Active 
14.03.2019 15:42:59: C:\Users\Guest1\AppData\Roaming\Microsoft\Windows\Cookies\ 
14.03.2019 15:42:59: C:\Users\MSSQLSERVER\Local Settings\Temporary Internet Files\ 
14.03.2019 15:42:59: C:\Users\MSSQLSERVER\Local Settings\Microsoft\Feeds Cache\ 
14.03.2019 15:42:59: C:\Users\MSSQLSERVER\Local Settings\Microsoft\Internet Explorer\Recovery\High\Last Active 
14.03.2019 15:42:59: C:\Users\MSSQLSERVER\AppData\Local\Microsoft\Windows\Temporary Internet Files\ 
14.03.2019 15:42:59: C:\Users\MSSQLSERVER\AppData\Local\Microsoft\Feeds Cache\ 
14.03.2019 15:42:59: C:\Users\MSSQLSERVER\AppData\Local\Microsoft\Internet Explorer\Recovery\High\Last Active 
14.03.2019 15:42:59: C:\Users\MSSQLSERVER\AppData\Roaming\Microsoft\Windows\Cookies\ 
14.03.2019 15:42:59: C:\Users\HemulGMWP\Local Settings\Temporary Internet Files\ 
14.03.2019 15:42:59: C:\Users\HemulGMWP\Local Settings\Microsoft\Feeds Cache\ 
14.03.2019 15:42:59: C:\Users\HemulGMWP\Local Settings\Microsoft\Internet Explorer\Recovery\High\Last Active 
14.03.2019 15:42:59: C:\Users\HemulGMWP\AppData\Local\Microsoft\Windows\Temporary Internet Files\ 
14.03.2019 15:42:59: C:\Users\HemulGMWP\AppData\Local\Microsoft\Feeds Cache\ 
14.03.2019 15:42:59: C:\Users\HemulGMWP\AppData\Local\Microsoft\Internet Explorer\Recovery\High\Last Active 
14.03.2019 15:42:59: C:\Users\HemulGMWP\AppData\Roaming\Microsoft\Windows\Cookies\ 
14.03.2019 15:42:59: C:\Users\forum\Local Settings\Temporary Internet Files\ 
14.03.2019 15:42:59: C:\Users\forum\Local Settings\Microsoft\Feeds Cache\ 
14.03.2019 15:42:59: C:\Users\forum\Local Settings\Microsoft\Internet Explorer\Recovery\High\Last Active 
14.03.2019 15:42:59: C:\Users\forum\AppData\Local\Microsoft\Windows\Temporary Internet Files\ 
14.03.2019 15:42:59: C:\Users\forum\AppData\Local\Microsoft\Feeds Cache\ 
14.03.2019 15:42:59: C:\Users\forum\AppData\Local\Microsoft\Internet Explorer\Recovery\High\Last Active 
14.03.2019 15:42:59: C:\Users\forum\AppData\Roaming\Microsoft\Windows\Cookies\ 
14.03.2019 15:42:59: C:\Users\unturned\Local Settings\Temporary Internet Files\ 
14.03.2019 15:42:59: C:\Users\unturned\Local Settings\Microsoft\Feeds Cache\ 
14.03.2019 15:42:59: C:\Users\unturned\Local Settings\Microsoft\Internet Explorer\Recovery\High\Last Active 
14.03.2019 15:42:59: C:\Users\unturned\AppData\Local\Microsoft\Windows\Temporary Internet Files\ 
14.03.2019 15:42:59: C:\Users\unturned\AppData\Local\Microsoft\Feeds Cache\ 
14.03.2019 15:42:59: C:\Users\unturned\AppData\Local\Microsoft\Internet Explorer\Recovery\High\Last Active 
14.03.2019 15:42:59: C:\Users\unturned\AppData\Roaming\Microsoft\Windows\Cookies\ 
14.03.2019 15:42:59: C:\Users\Unturned Сервер1\Local Settings\Temporary Internet Files\ 
14.03.2019 15:42:59: C:\Users\Unturned Сервер1\Local Settings\Microsoft\Feeds Cache\ 
14.03.2019 15:42:59: C:\Users\Unturned Сервер1\Local Settings\Microsoft\Internet Explorer\Recovery\High\Last Active 
14.03.2019 15:42:59: C:\Users\Unturned Сервер1\AppData\Local\Microsoft\Windows\Temporary Internet Files\ 
14.03.2019 15:42:59: C:\Users\Unturned Сервер1\AppData\Local\Microsoft\Feeds Cache\ 
14.03.2019 15:42:59: C:\Users\Unturned Сервер1\AppData\Local\Microsoft\Internet Explorer\Recovery\High\Last Active 
14.03.2019 15:42:59: C:\Users\Unturned Сервер1\AppData\Roaming\Microsoft\Windows\Cookies\ 
14.03.2019 15:47:05: Попытка №1 - Выполнена команда: regedit  33 
14.03.2019 15:58:32: Каталог пользователей C:\Users 
14.03.2019 15:58:36: mon init 
