25.04.2019 14:50:08: Каталог пользователей C:\Users 
25.04.2019 14:50:12: mon init 
25.04.2019 14:50:38: Не смог открыть ключ: SOFTWARE\Wow6432Node\Microsoft\Windows\CurrentVersion\Run Операция успешно завершена 
25.04.2019 14:50:38: Не смог открыть ключ: SOFTWARE\Wow6432Node\Microsoft\Windows\CurrentVersion\RunOnce Операция успешно завершена 
25.04.2019 14:50:38: Не смог открыть ключ: SOFTWARE\Microsoft\Windows\CurrentVersion\RunOnceEx Операция успешно завершена 
25.04.2019 14:50:38: Не смог открыть ключ: SOFTWARE\Microsoft\Windows\CurrentVersion\RunOnceEx Операция успешно завершена 
25.04.2019 14:50:38: Не смог открыть ключ: SOFTWARE\Wow6432Node\Microsoft\Windows\CurrentVersion\RunOnceEx Операция успешно завершена 
25.04.2019 14:50:38: Не смог открыть ключ: SOFTWARE\Wow6432Node\Microsoft\Windows\CurrentVersion\RunOnceEx Операция успешно завершена 
25.04.2019 14:50:38: Лишний файл в каталоге АЗ, пропущен C:\Users\Геннадий\AppData\Roaming\Microsoft\Windows\Start Menu\Programs\Startup\desktop.ini 18 
25.04.2019 14:50:38: Лишний файл в каталоге АЗ, пропущен C:\ProgramData\Microsoft\Windows\Start Menu\Programs\Startup\desktop.ini 18 
29.07.2019 10:00:52: Каталог пользователей C:\Users 
29.07.2019 10:00:56: mon init 
29.07.2019 10:01:34: Пропущен раздел реестра HKCU Software\WOW6432Node\Microsoft\Windows\CurrentVersion\Uninstall т.к. ветка не существует 1 1 
29.07.2019 10:02:22: Не смог открыть ключ: SOFTWARE\Wow6432Node\Microsoft\Windows\CurrentVersion\Run Операция успешно завершена 
29.07.2019 10:02:22: Не смог открыть ключ: SOFTWARE\Wow6432Node\Microsoft\Windows\CurrentVersion\RunOnce Операция успешно завершена 
29.07.2019 10:02:22: Не смог открыть ключ: SOFTWARE\Microsoft\Windows\CurrentVersion\RunOnceEx Операция успешно завершена 
29.07.2019 10:02:22: Не смог открыть ключ: SOFTWARE\Microsoft\Windows\CurrentVersion\RunOnceEx Операция успешно завершена 
29.07.2019 10:02:22: Не смог открыть ключ: SOFTWARE\Wow6432Node\Microsoft\Windows\CurrentVersion\RunOnceEx Операция успешно завершена 
29.07.2019 10:02:22: Не смог открыть ключ: SOFTWARE\Wow6432Node\Microsoft\Windows\CurrentVersion\RunOnceEx Операция успешно завершена 
29.07.2019 10:02:23: Лишний файл в каталоге АЗ, пропущен C:\Users\Геннадий\AppData\Roaming\Microsoft\Windows\Start Menu\Programs\Startup\desktop.ini 18 
29.07.2019 10:02:23: Лишний файл в каталоге АЗ, пропущен C:\ProgramData\Microsoft\Windows\Start Menu\Programs\Startup\desktop.ini 18 
29.07.2019 10:02:39: Удаляется задача: \BlueStacksHelper 
01.08.2019 16:02:07: Каталог пользователей C:\Users 
01.08.2019 16:02:12: mon init 
01.08.2019 16:09:50: Не смог открыть ключ: SOFTWARE\Wow6432Node\Microsoft\Windows\CurrentVersion\Run Операция успешно завершена 
01.08.2019 16:09:50: Не смог открыть ключ: SOFTWARE\Wow6432Node\Microsoft\Windows\CurrentVersion\RunOnce Операция успешно завершена 
01.08.2019 16:09:50: Не смог открыть ключ: SOFTWARE\Microsoft\Windows\CurrentVersion\RunOnceEx Операция успешно завершена 
01.08.2019 16:09:50: Не смог открыть ключ: SOFTWARE\Microsoft\Windows\CurrentVersion\RunOnceEx Операция успешно завершена 
01.08.2019 16:09:50: Не смог открыть ключ: SOFTWARE\Wow6432Node\Microsoft\Windows\CurrentVersion\RunOnceEx Операция успешно завершена 
01.08.2019 16:09:50: Не смог открыть ключ: SOFTWARE\Wow6432Node\Microsoft\Windows\CurrentVersion\RunOnceEx Операция успешно завершена 
01.08.2019 16:09:50: Лишний файл в каталоге АЗ, пропущен C:\Users\Геннадий\AppData\Roaming\Microsoft\Windows\Start Menu\Programs\Startup\desktop.ini 18 
01.08.2019 16:09:50: Лишний файл в каталоге АЗ, пропущен C:\ProgramData\Microsoft\Windows\Start Menu\Programs\Startup\desktop.ini 18 
